<?xml version="1.0" encoding="UTF-8"?>
<coverage generated="1707363422272" clover="3.2.0">
  <project timestamp="1707363422273" name="All files">
    <metrics statements="278" coveredstatements="199" conditionals="63" coveredconditionals="49" methods="20" coveredmethods="16" elements="361" coveredelements="264" complexity="0" loc="278" ncloc="278" packages="1" files="1" classes="1"/>
    <file name="myPromise.js" path="D:\learning\javascript\Code-Notes\Promise\myPromise.js">
      <metrics statements="278" coveredstatements="199" conditionals="63" coveredconditionals="49" methods="20" coveredmethods="16"/>
      <line num="1" count="1" type="cond" truecount="1" falsecount="0"/>
      <line num="2" count="1" type="cond" truecount="1" falsecount="0"/>
      <line num="3" count="183" type="cond" truecount="0" falsecount="1"/>
      <line num="4" count="0" type="stmt"/>
      <line num="5" count="0" type="stmt"/>
      <line num="6" count="183" type="stmt"/>
      <line num="7" count="183" type="stmt"/>
      <line num="8" count="183" type="stmt"/>
      <line num="9" count="183" type="stmt"/>
      <line num="10" count="183" type="stmt"/>
      <line num="11" count="183" type="cond" truecount="1" falsecount="0"/>
      <line num="12" count="154" type="cond" truecount="1" falsecount="0"/>
      <line num="13" count="154" type="cond" truecount="0" falsecount="1"/>
      <line num="14" count="154" type="stmt"/>
      <line num="15" count="154" type="stmt"/>
      <line num="16" count="154" type="stmt"/>
      <line num="17" count="154" type="stmt"/>
      <line num="18" count="154" type="cond" truecount="1" falsecount="0"/>
      <line num="19" count="154" type="stmt"/>
      <line num="20" count="154" type="stmt"/>
      <line num="21" count="183" type="stmt"/>
      <line num="22" count="183" type="cond" truecount="1" falsecount="0"/>
      <line num="23" count="26" type="cond" truecount="1" falsecount="0"/>
      <line num="24" count="26" type="cond" truecount="0" falsecount="1"/>
      <line num="25" count="26" type="stmt"/>
      <line num="26" count="26" type="stmt"/>
      <line num="27" count="26" type="stmt"/>
      <line num="28" count="26" type="stmt"/>
      <line num="29" count="26" type="cond" truecount="1" falsecount="0"/>
      <line num="30" count="26" type="stmt"/>
      <line num="31" count="26" type="stmt"/>
      <line num="32" count="183" type="stmt"/>
      <line num="33" count="183" type="stmt"/>
      <line num="34" count="183" type="stmt"/>
      <line num="35" count="183" type="cond" truecount="0" falsecount="1"/>
      <line num="36" count="0" type="stmt"/>
      <line num="37" count="0" type="stmt"/>
      <line num="38" count="183" type="stmt"/>
      <line num="39" count="1" type="stmt"/>
      <line num="40" count="1" type="cond" truecount="1" falsecount="0"/>
      <line num="41" count="163" type="stmt"/>
      <line num="42" count="163" type="stmt"/>
      <line num="43" count="163" type="stmt"/>
      <line num="44" count="163" type="stmt"/>
      <line num="45" count="163" type="cond" truecount="2" falsecount="0"/>
      <line num="46" count="161" type="stmt"/>
      <line num="47" count="163" type="cond" truecount="2" falsecount="0"/>
      <line num="48" count="27" type="stmt"/>
      <line num="49" count="27" type="stmt"/>
      <line num="50" count="27" type="cond" truecount="1" falsecount="0"/>
      <line num="51" count="23" type="stmt"/>
      <line num="52" count="23" type="stmt"/>
      <line num="53" count="23" type="cond" truecount="1" falsecount="0"/>
      <line num="54" count="18" type="stmt"/>
      <line num="55" count="18" type="cond" truecount="0" falsecount="1"/>
      <line num="56" count="18" type="stmt"/>
      <line num="57" count="18" type="stmt"/>
      <line num="58" count="18" type="stmt"/>
      <line num="59" count="23" type="stmt"/>
      <line num="60" count="23" type="cond" truecount="1" falsecount="0"/>
      <line num="61" count="5" type="stmt"/>
      <line num="62" count="5" type="cond" truecount="0" falsecount="1"/>
      <line num="63" count="5" type="stmt"/>
      <line num="64" count="5" type="stmt"/>
      <line num="65" count="5" type="stmt"/>
      <line num="66" count="5" type="stmt"/>
      <line num="67" count="23" type="stmt"/>
      <line num="68" count="27" type="cond" truecount="1" falsecount="0"/>
      <line num="69" count="4" type="stmt"/>
      <line num="70" count="4" type="stmt"/>
      <line num="71" count="27" type="cond" truecount="0" falsecount="1"/>
      <line num="72" count="0" type="stmt"/>
      <line num="73" count="0" type="stmt"/>
      <line num="74" count="0" type="stmt"/>
      <line num="75" count="0" type="stmt"/>
      <line num="76" count="0" type="stmt"/>
      <line num="77" count="163" type="cond" truecount="1" falsecount="0"/>
      <line num="78" count="134" type="stmt"/>
      <line num="79" count="134" type="stmt"/>
      <line num="80" count="163" type="stmt"/>
      <line num="81" count="1" type="stmt"/>
      <line num="82" count="1" type="cond" truecount="1" falsecount="0"/>
      <line num="83" count="111" type="stmt"/>
      <line num="84" count="111" type="cond" truecount="3" falsecount="0"/>
      <line num="85" count="111" type="stmt"/>
      <line num="86" count="111" type="stmt"/>
      <line num="87" count="82" type="cond" truecount="1" falsecount="0"/>
      <line num="88" count="29" type="cond" truecount="2" falsecount="0"/>
      <line num="89" count="7" type="stmt"/>
      <line num="90" count="111" type="stmt"/>
      <line num="91" count="111" type="stmt"/>
      <line num="92" count="111" type="stmt"/>
      <line num="93" count="111" type="stmt"/>
      <line num="94" count="111" type="stmt"/>
      <line num="95" count="111" type="stmt"/>
      <line num="96" count="111" type="cond" truecount="1" falsecount="0"/>
      <line num="97" count="3" type="cond" truecount="1" falsecount="0"/>
      <line num="98" count="3" type="cond" truecount="1" falsecount="0"/>
      <line num="99" count="3" type="stmt"/>
      <line num="100" count="3" type="stmt"/>
      <line num="101" count="3" type="stmt"/>
      <line num="102" count="3" type="cond" truecount="0" falsecount="1"/>
      <line num="103" count="0" type="stmt"/>
      <line num="104" count="0" type="stmt"/>
      <line num="105" count="3" type="stmt"/>
      <line num="106" count="3" type="stmt"/>
      <line num="107" count="3" type="stmt"/>
      <line num="108" count="111" type="cond" truecount="0" falsecount="1"/>
      <line num="109" count="0" type="stmt"/>
      <line num="110" count="0" type="stmt"/>
      <line num="111" count="0" type="stmt"/>
      <line num="112" count="0" type="stmt"/>
      <line num="113" count="0" type="stmt"/>
      <line num="114" count="0" type="stmt"/>
      <line num="115" count="0" type="stmt"/>
      <line num="116" count="0" type="stmt"/>
      <line num="117" count="0" type="stmt"/>
      <line num="118" count="0" type="stmt"/>
      <line num="119" count="0" type="stmt"/>
      <line num="120" count="111" type="cond" truecount="1" falsecount="0"/>
      <line num="121" count="108" type="cond" truecount="1" falsecount="0"/>
      <line num="122" count="108" type="stmt"/>
      <line num="123" count="108" type="cond" truecount="1" falsecount="0"/>
      <line num="124" count="81" type="stmt"/>
      <line num="125" count="81" type="stmt"/>
      <line num="126" count="81" type="stmt"/>
      <line num="127" count="81" type="cond" truecount="0" falsecount="1"/>
      <line num="128" count="0" type="stmt"/>
      <line num="129" count="0" type="stmt"/>
      <line num="130" count="108" type="stmt"/>
      <line num="131" count="108" type="cond" truecount="1" falsecount="0"/>
      <line num="132" count="25" type="stmt"/>
      <line num="133" count="25" type="stmt"/>
      <line num="134" count="25" type="stmt"/>
      <line num="135" count="25" type="cond" truecount="1" falsecount="0"/>
      <line num="136" count="7" type="stmt"/>
      <line num="137" count="7" type="stmt"/>
      <line num="138" count="25" type="stmt"/>
      <line num="139" count="108" type="stmt"/>
      <line num="140" count="108" type="stmt"/>
      <line num="141" count="108" type="stmt"/>
      <line num="142" count="111" type="cond" truecount="0" falsecount="1"/>
      <line num="143" count="0" type="stmt"/>
      <line num="144" count="0" type="stmt"/>
      <line num="145" count="111" type="stmt"/>
      <line num="146" count="1" type="stmt"/>
      <line num="147" count="1" type="stmt"/>
      <line num="148" count="1" type="cond" truecount="1" falsecount="0"/>
      <line num="149" count="5" type="stmt"/>
      <line num="150" count="1" type="stmt"/>
      <line num="151" count="1" type="stmt"/>
      <line num="152" count="1" type="stmt"/>
      <line num="153" count="0" type="stmt"/>
      <line num="154" count="0" type="stmt"/>
      <line num="155" count="0" type="stmt"/>
      <line num="156" count="0" type="stmt"/>
      <line num="157" count="0" type="stmt"/>
      <line num="158" count="0" type="stmt"/>
      <line num="159" count="0" type="stmt"/>
      <line num="160" count="1" type="stmt"/>
      <line num="161" count="1" type="stmt"/>
      <line num="162" count="1" type="cond" truecount="1" falsecount="0"/>
      <line num="163" count="8" type="cond" truecount="1" falsecount="0"/>
      <line num="164" count="8" type="cond" truecount="0" falsecount="1"/>
      <line num="165" count="0" type="stmt"/>
      <line num="166" count="0" type="stmt"/>
      <line num="167" count="8" type="stmt"/>
      <line num="168" count="8" type="stmt"/>
      <line num="169" count="8" type="stmt"/>
      <line num="170" count="8" type="stmt"/>
      <line num="171" count="8" type="stmt"/>
      <line num="172" count="8" type="stmt"/>
      <line num="173" count="8" type="cond" truecount="1" falsecount="0"/>
      <line num="174" count="25" type="stmt"/>
      <line num="175" count="25" type="cond" truecount="1" falsecount="0"/>
      <line num="176" count="22" type="stmt"/>
      <line num="177" count="22" type="stmt"/>
      <line num="178" count="22" type="cond" truecount="1" falsecount="0"/>
      <line num="179" count="25" type="stmt"/>
      <line num="180" count="25" type="cond" truecount="1" falsecount="0"/>
      <line num="181" count="25" type="stmt"/>
      <line num="182" count="25" type="stmt"/>
      <line num="183" count="8" type="stmt"/>
      <line num="184" count="1" type="stmt"/>
      <line num="185" count="1" type="stmt"/>
      <line num="186" count="1" type="cond" truecount="1" falsecount="0"/>
      <line num="187" count="1" type="cond" truecount="1" falsecount="0"/>
      <line num="188" count="1" type="cond" truecount="0" falsecount="1"/>
      <line num="189" count="0" type="stmt"/>
      <line num="190" count="0" type="stmt"/>
      <line num="191" count="1" type="stmt"/>
      <line num="192" count="1" type="stmt"/>
      <line num="193" count="1" type="stmt"/>
      <line num="194" count="1" type="stmt"/>
      <line num="195" count="1" type="stmt"/>
      <line num="196" count="1" type="stmt"/>
      <line num="197" count="1" type="cond" truecount="1" falsecount="0"/>
      <line num="198" count="4" type="cond" truecount="1" falsecount="0"/>
      <line num="199" count="3" type="stmt"/>
      <line num="200" count="3" type="stmt"/>
      <line num="201" count="3" type="stmt"/>
      <line num="202" count="4" type="stmt"/>
      <line num="203" count="4" type="stmt"/>
      <line num="204" count="0" type="stmt"/>
      <line num="205" count="0" type="stmt"/>
      <line num="206" count="0" type="stmt"/>
      <line num="207" count="4" type="stmt"/>
      <line num="208" count="4" type="stmt"/>
      <line num="209" count="4" type="stmt"/>
      <line num="210" count="4" type="cond" truecount="1" falsecount="0"/>
      <line num="211" count="3" type="cond" truecount="0" falsecount="1"/>
      <line num="212" count="3" type="stmt"/>
      <line num="213" count="1" type="stmt"/>
      <line num="214" count="1" type="stmt"/>
      <line num="215" count="1" type="stmt"/>
      <line num="216" count="1" type="stmt"/>
      <line num="217" count="0" type="stmt"/>
      <line num="218" count="0" type="stmt"/>
      <line num="219" count="0" type="stmt"/>
      <line num="220" count="0" type="stmt"/>
      <line num="221" count="0" type="stmt"/>
      <line num="222" count="0" type="stmt"/>
      <line num="223" count="0" type="stmt"/>
      <line num="224" count="0" type="stmt"/>
      <line num="225" count="0" type="stmt"/>
      <line num="226" count="0" type="stmt"/>
      <line num="227" count="0" type="stmt"/>
      <line num="228" count="0" type="stmt"/>
      <line num="229" count="0" type="stmt"/>
      <line num="230" count="0" type="stmt"/>
      <line num="231" count="0" type="stmt"/>
      <line num="232" count="0" type="stmt"/>
      <line num="233" count="0" type="stmt"/>
      <line num="234" count="0" type="stmt"/>
      <line num="235" count="0" type="stmt"/>
      <line num="236" count="0" type="stmt"/>
      <line num="237" count="1" type="stmt"/>
      <line num="238" count="1" type="stmt"/>
      <line num="239" count="1" type="stmt"/>
      <line num="240" count="0" type="stmt"/>
      <line num="241" count="0" type="stmt"/>
      <line num="242" count="0" type="stmt"/>
      <line num="243" count="0" type="stmt"/>
      <line num="244" count="0" type="stmt"/>
      <line num="245" count="0" type="stmt"/>
      <line num="246" count="0" type="stmt"/>
      <line num="247" count="0" type="stmt"/>
      <line num="248" count="0" type="stmt"/>
      <line num="249" count="0" type="stmt"/>
      <line num="250" count="0" type="stmt"/>
      <line num="251" count="0" type="stmt"/>
      <line num="252" count="1" type="stmt"/>
      <line num="253" count="1" type="stmt"/>
      <line num="254" count="1" type="cond" truecount="1" falsecount="0"/>
      <line num="255" count="5" type="cond" truecount="1" falsecount="0"/>
      <line num="256" count="1" type="stmt"/>
      <line num="257" count="1" type="stmt"/>
      <line num="258" count="1" type="cond" truecount="1" falsecount="0"/>
      <line num="259" count="43" type="stmt"/>
      <line num="260" count="43" type="cond" truecount="1" falsecount="0"/>
      <line num="261" count="43" type="stmt"/>
      <line num="262" count="43" type="stmt"/>
      <line num="263" count="1" type="stmt"/>
      <line num="264" count="1" type="stmt"/>
      <line num="265" count="1" type="stmt"/>
      <line num="266" count="0" type="stmt"/>
      <line num="267" count="0" type="stmt"/>
      <line num="268" count="0" type="stmt"/>
      <line num="269" count="0" type="stmt"/>
      <line num="270" count="0" type="stmt"/>
      <line num="271" count="0" type="stmt"/>
      <line num="272" count="0" type="stmt"/>
      <line num="273" count="1" type="stmt"/>
      <line num="274" count="1" type="stmt"/>
      <line num="275" count="1" type="stmt"/>
      <line num="276" count="1" type="stmt"/>
      <line num="277" count="1" type="stmt"/>
      <line num="278" count="1" type="stmt"/>
    </file>
  </project>
</coverage>
