{"D:\\learning\\javascript\\Code-Notes\\Promise\\myPromise.js": {"path":"D:\\learning\\javascript\\Code-Notes\\Promise\\myPromise.js","all":false,"statementMap":{"0":{"start":{"line":1,"column":0},"end":{"line":1,"column":24}},"1":{"start":{"line":2,"column":0},"end":{"line":2,"column":30}},"2":{"start":{"line":3,"column":0},"end":{"line":3,"column":41}},"3":{"start":{"line":4,"column":0},"end":{"line":4,"column":57}},"4":{"start":{"line":5,"column":0},"end":{"line":5,"column":5}},"5":{"start":{"line":6,"column":0},"end":{"line":6,"column":0}},"6":{"start":{"line":7,"column":0},"end":{"line":7,"column":22}},"7":{"start":{"line":8,"column":0},"end":{"line":8,"column":24}},"8":{"start":{"line":9,"column":0},"end":{"line":9,"column":28}},"9":{"start":{"line":10,"column":0},"end":{"line":10,"column":0}},"10":{"start":{"line":11,"column":0},"end":{"line":11,"column":29}},"11":{"start":{"line":12,"column":0},"end":{"line":12,"column":24}},"12":{"start":{"line":13,"column":0},"end":{"line":13,"column":46}},"13":{"start":{"line":14,"column":0},"end":{"line":14,"column":0}},"14":{"start":{"line":15,"column":0},"end":{"line":15,"column":34}},"15":{"start":{"line":16,"column":0},"end":{"line":16,"column":26}},"16":{"start":{"line":17,"column":0},"end":{"line":17,"column":0}},"17":{"start":{"line":18,"column":0},"end":{"line":18,"column":61}},"18":{"start":{"line":19,"column":0},"end":{"line":19,"column":9}},"19":{"start":{"line":20,"column":0},"end":{"line":20,"column":5}},"20":{"start":{"line":21,"column":0},"end":{"line":21,"column":0}},"21":{"start":{"line":22,"column":0},"end":{"line":22,"column":29}},"22":{"start":{"line":23,"column":0},"end":{"line":23,"column":24}},"23":{"start":{"line":24,"column":0},"end":{"line":24,"column":46}},"24":{"start":{"line":25,"column":0},"end":{"line":25,"column":0}},"25":{"start":{"line":26,"column":0},"end":{"line":26,"column":33}},"26":{"start":{"line":27,"column":0},"end":{"line":27,"column":27}},"27":{"start":{"line":28,"column":0},"end":{"line":28,"column":0}},"28":{"start":{"line":29,"column":0},"end":{"line":29,"column":62}},"29":{"start":{"line":30,"column":0},"end":{"line":30,"column":9}},"30":{"start":{"line":31,"column":0},"end":{"line":31,"column":5}},"31":{"start":{"line":32,"column":0},"end":{"line":32,"column":0}},"32":{"start":{"line":33,"column":0},"end":{"line":33,"column":9}},"33":{"start":{"line":34,"column":0},"end":{"line":34,"column":32}},"34":{"start":{"line":35,"column":0},"end":{"line":35,"column":19}},"35":{"start":{"line":36,"column":0},"end":{"line":36,"column":18}},"36":{"start":{"line":37,"column":0},"end":{"line":37,"column":5}},"37":{"start":{"line":38,"column":0},"end":{"line":38,"column":3}},"38":{"start":{"line":39,"column":0},"end":{"line":39,"column":0}},"39":{"start":{"line":40,"column":0},"end":{"line":40,"column":56}},"40":{"start":{"line":41,"column":0},"end":{"line":41,"column":13}},"41":{"start":{"line":42,"column":0},"end":{"line":42,"column":34}},"42":{"start":{"line":43,"column":0},"end":{"line":43,"column":0}},"43":{"start":{"line":44,"column":0},"end":{"line":44,"column":22}},"44":{"start":{"line":45,"column":0},"end":{"line":45,"column":75}},"45":{"start":{"line":46,"column":0},"end":{"line":46,"column":0}},"46":{"start":{"line":47,"column":0},"end":{"line":47,"column":75}},"47":{"start":{"line":48,"column":0},"end":{"line":48,"column":11}},"48":{"start":{"line":49,"column":0},"end":{"line":49,"column":22}},"49":{"start":{"line":50,"column":0},"end":{"line":50,"column":41}},"50":{"start":{"line":51,"column":0},"end":{"line":51,"column":20}},"51":{"start":{"line":52,"column":0},"end":{"line":52,"column":14}},"52":{"start":{"line":53,"column":0},"end":{"line":53,"column":20}},"53":{"start":{"line":54,"column":0},"end":{"line":54,"column":47}},"54":{"start":{"line":55,"column":0},"end":{"line":55,"column":44}},"55":{"start":{"line":56,"column":0},"end":{"line":56,"column":39}},"56":{"start":{"line":57,"column":0},"end":{"line":57,"column":0}},"57":{"start":{"line":58,"column":0},"end":{"line":58,"column":65}},"58":{"start":{"line":59,"column":0},"end":{"line":59,"column":14}},"59":{"start":{"line":60,"column":0},"end":{"line":60,"column":20}},"60":{"start":{"line":61,"column":0},"end":{"line":61,"column":47}},"61":{"start":{"line":62,"column":0},"end":{"line":62,"column":44}},"62":{"start":{"line":63,"column":0},"end":{"line":63,"column":39}},"63":{"start":{"line":64,"column":0},"end":{"line":64,"column":0}},"64":{"start":{"line":65,"column":0},"end":{"line":65,"column":31}},"65":{"start":{"line":66,"column":0},"end":{"line":66,"column":13}},"66":{"start":{"line":67,"column":0},"end":{"line":67,"column":12}},"67":{"start":{"line":68,"column":0},"end":{"line":68,"column":16}},"68":{"start":{"line":69,"column":0},"end":{"line":69,"column":28}},"69":{"start":{"line":70,"column":0},"end":{"line":70,"column":9}},"70":{"start":{"line":71,"column":0},"end":{"line":71,"column":21}},"71":{"start":{"line":72,"column":0},"end":{"line":72,"column":38}},"72":{"start":{"line":73,"column":0},"end":{"line":73,"column":33}},"73":{"start":{"line":74,"column":0},"end":{"line":74,"column":0}},"74":{"start":{"line":75,"column":0},"end":{"line":75,"column":27}},"75":{"start":{"line":76,"column":0},"end":{"line":76,"column":7}},"76":{"start":{"line":77,"column":0},"end":{"line":77,"column":12}},"77":{"start":{"line":78,"column":0},"end":{"line":78,"column":17}},"78":{"start":{"line":79,"column":0},"end":{"line":79,"column":5}},"79":{"start":{"line":80,"column":0},"end":{"line":80,"column":3}},"80":{"start":{"line":81,"column":0},"end":{"line":81,"column":0}},"81":{"start":{"line":82,"column":0},"end":{"line":82,"column":63}},"82":{"start":{"line":83,"column":0},"end":{"line":83,"column":17}},"83":{"start":{"line":84,"column":0},"end":{"line":84,"column":73}},"84":{"start":{"line":85,"column":0},"end":{"line":85,"column":16}},"85":{"start":{"line":86,"column":0},"end":{"line":86,"column":38}},"86":{"start":{"line":87,"column":0},"end":{"line":87,"column":20}},"87":{"start":{"line":88,"column":0},"end":{"line":88,"column":23}},"88":{"start":{"line":89,"column":0},"end":{"line":89,"column":25}},"89":{"start":{"line":90,"column":0},"end":{"line":90,"column":12}},"90":{"start":{"line":91,"column":0},"end":{"line":91,"column":0}},"91":{"start":{"line":92,"column":0},"end":{"line":92,"column":22}},"92":{"start":{"line":93,"column":0},"end":{"line":93,"column":17}},"93":{"start":{"line":94,"column":0},"end":{"line":94,"column":0}},"94":{"start":{"line":95,"column":0},"end":{"line":95,"column":26}},"95":{"start":{"line":96,"column":0},"end":{"line":96,"column":25}},"96":{"start":{"line":97,"column":0},"end":{"line":97,"column":61}},"97":{"start":{"line":98,"column":0},"end":{"line":98,"column":28}},"98":{"start":{"line":99,"column":0},"end":{"line":99,"column":17}},"99":{"start":{"line":100,"column":0},"end":{"line":100,"column":45}},"100":{"start":{"line":101,"column":0},"end":{"line":101,"column":59}},"101":{"start":{"line":102,"column":0},"end":{"line":102,"column":27}},"102":{"start":{"line":103,"column":0},"end":{"line":103,"column":26}},"103":{"start":{"line":104,"column":0},"end":{"line":104,"column":13}},"104":{"start":{"line":105,"column":0},"end":{"line":105,"column":13}},"105":{"start":{"line":106,"column":0},"end":{"line":106,"column":12}},"106":{"start":{"line":107,"column":0},"end":{"line":107,"column":7}},"107":{"start":{"line":108,"column":0},"end":{"line":108,"column":24}},"108":{"start":{"line":109,"column":0},"end":{"line":109,"column":61}},"109":{"start":{"line":110,"column":0},"end":{"line":110,"column":28}},"110":{"start":{"line":111,"column":0},"end":{"line":111,"column":17}},"111":{"start":{"line":112,"column":0},"end":{"line":112,"column":44}},"112":{"start":{"line":113,"column":0},"end":{"line":113,"column":59}},"113":{"start":{"line":114,"column":0},"end":{"line":114,"column":27}},"114":{"start":{"line":115,"column":0},"end":{"line":115,"column":26}},"115":{"start":{"line":116,"column":0},"end":{"line":116,"column":13}},"116":{"start":{"line":117,"column":0},"end":{"line":117,"column":13}},"117":{"start":{"line":118,"column":0},"end":{"line":118,"column":12}},"118":{"start":{"line":119,"column":0},"end":{"line":119,"column":7}},"119":{"start":{"line":120,"column":0},"end":{"line":120,"column":23}},"120":{"start":{"line":121,"column":0},"end":{"line":121,"column":61}},"121":{"start":{"line":122,"column":0},"end":{"line":122,"column":31}},"122":{"start":{"line":123,"column":0},"end":{"line":123,"column":36}},"123":{"start":{"line":124,"column":0},"end":{"line":124,"column":19}},"124":{"start":{"line":125,"column":0},"end":{"line":125,"column":43}},"125":{"start":{"line":126,"column":0},"end":{"line":126,"column":61}},"126":{"start":{"line":127,"column":0},"end":{"line":127,"column":29}},"127":{"start":{"line":128,"column":0},"end":{"line":128,"column":28}},"128":{"start":{"line":129,"column":0},"end":{"line":129,"column":15}},"129":{"start":{"line":130,"column":0},"end":{"line":130,"column":14}},"130":{"start":{"line":131,"column":0},"end":{"line":131,"column":37}},"131":{"start":{"line":132,"column":0},"end":{"line":132,"column":19}},"132":{"start":{"line":133,"column":0},"end":{"line":133,"column":43}},"133":{"start":{"line":134,"column":0},"end":{"line":134,"column":61}},"134":{"start":{"line":135,"column":0},"end":{"line":135,"column":29}},"135":{"start":{"line":136,"column":0},"end":{"line":136,"column":28}},"136":{"start":{"line":137,"column":0},"end":{"line":137,"column":15}},"137":{"start":{"line":138,"column":0},"end":{"line":138,"column":13}},"138":{"start":{"line":139,"column":0},"end":{"line":139,"column":13}},"139":{"start":{"line":140,"column":0},"end":{"line":140,"column":12}},"140":{"start":{"line":141,"column":0},"end":{"line":141,"column":7}},"141":{"start":{"line":142,"column":0},"end":{"line":142,"column":16}},"142":{"start":{"line":143,"column":0},"end":{"line":143,"column":59}},"143":{"start":{"line":144,"column":0},"end":{"line":144,"column":7}},"144":{"start":{"line":145,"column":0},"end":{"line":145,"column":5}},"145":{"start":{"line":146,"column":0},"end":{"line":146,"column":4}},"146":{"start":{"line":147,"column":0},"end":{"line":147,"column":0}},"147":{"start":{"line":148,"column":0},"end":{"line":148,"column":51}},"148":{"start":{"line":149,"column":0},"end":{"line":149,"column":39}},"149":{"start":{"line":150,"column":0},"end":{"line":150,"column":4}},"150":{"start":{"line":151,"column":0},"end":{"line":151,"column":0}},"151":{"start":{"line":152,"column":0},"end":{"line":152,"column":45}},"152":{"start":{"line":153,"column":0},"end":{"line":153,"column":21}},"153":{"start":{"line":154,"column":0},"end":{"line":154,"column":57}},"154":{"start":{"line":155,"column":0},"end":{"line":155,"column":17}},"155":{"start":{"line":156,"column":0},"end":{"line":156,"column":42}},"156":{"start":{"line":157,"column":0},"end":{"line":157,"column":23}},"157":{"start":{"line":158,"column":0},"end":{"line":158,"column":10}},"158":{"start":{"line":159,"column":0},"end":{"line":159,"column":6}},"159":{"start":{"line":160,"column":0},"end":{"line":160,"column":4}},"160":{"start":{"line":161,"column":0},"end":{"line":161,"column":0}},"161":{"start":{"line":162,"column":0},"end":{"line":162,"column":31}},"162":{"start":{"line":163,"column":0},"end":{"line":163,"column":45}},"163":{"start":{"line":164,"column":0},"end":{"line":164,"column":41}},"164":{"start":{"line":165,"column":0},"end":{"line":165,"column":0}},"165":{"start":{"line":166,"column":0},"end":{"line":166,"column":29}},"166":{"start":{"line":167,"column":0},"end":{"line":167,"column":49}},"167":{"start":{"line":168,"column":0},"end":{"line":168,"column":0}},"168":{"start":{"line":169,"column":0},"end":{"line":169,"column":44}},"169":{"start":{"line":170,"column":0},"end":{"line":170,"column":42}},"170":{"start":{"line":171,"column":0},"end":{"line":171,"column":22}},"171":{"start":{"line":172,"column":0},"end":{"line":172,"column":38}},"172":{"start":{"line":173,"column":0},"end":{"line":173,"column":29}},"173":{"start":{"line":174,"column":0},"end":{"line":174,"column":78}},"174":{"start":{"line":175,"column":0},"end":{"line":175,"column":12}},"175":{"start":{"line":176,"column":0},"end":{"line":176,"column":36}},"176":{"start":{"line":177,"column":0},"end":{"line":177,"column":10}},"177":{"start":{"line":178,"column":0},"end":{"line":178,"column":7}},"178":{"start":{"line":179,"column":0},"end":{"line":179,"column":7}},"179":{"start":{"line":180,"column":0},"end":{"line":180,"column":4}},"180":{"start":{"line":181,"column":0},"end":{"line":181,"column":0}},"181":{"start":{"line":182,"column":0},"end":{"line":182,"column":38}},"182":{"start":{"line":183,"column":0},"end":{"line":183,"column":46}},"183":{"start":{"line":184,"column":0},"end":{"line":184,"column":41}},"184":{"start":{"line":185,"column":0},"end":{"line":185,"column":0}},"185":{"start":{"line":186,"column":0},"end":{"line":186,"column":29}},"186":{"start":{"line":187,"column":0},"end":{"line":187,"column":49}},"187":{"start":{"line":188,"column":0},"end":{"line":188,"column":0}},"188":{"start":{"line":189,"column":0},"end":{"line":189,"column":44}},"189":{"start":{"line":190,"column":0},"end":{"line":190,"column":54}},"190":{"start":{"line":191,"column":0},"end":{"line":191,"column":61}},"191":{"start":{"line":192,"column":0},"end":{"line":192,"column":27}},"192":{"start":{"line":193,"column":0},"end":{"line":193,"column":76}},"193":{"start":{"line":194,"column":0},"end":{"line":194,"column":11}},"194":{"start":{"line":195,"column":0},"end":{"line":195,"column":23}},"195":{"start":{"line":196,"column":0},"end":{"line":196,"column":63}},"196":{"start":{"line":197,"column":0},"end":{"line":197,"column":29}},"197":{"start":{"line":198,"column":0},"end":{"line":198,"column":78}},"198":{"start":{"line":199,"column":0},"end":{"line":199,"column":12}},"199":{"start":{"line":200,"column":0},"end":{"line":200,"column":7}},"200":{"start":{"line":201,"column":0},"end":{"line":201,"column":7}},"201":{"start":{"line":202,"column":0},"end":{"line":202,"column":4}},"202":{"start":{"line":203,"column":0},"end":{"line":203,"column":0}},"203":{"start":{"line":204,"column":0},"end":{"line":204,"column":31}},"204":{"start":{"line":205,"column":0},"end":{"line":205,"column":45}},"205":{"start":{"line":206,"column":0},"end":{"line":206,"column":29}},"206":{"start":{"line":207,"column":0},"end":{"line":207,"column":0}},"207":{"start":{"line":208,"column":0},"end":{"line":208,"column":41}},"208":{"start":{"line":209,"column":0},"end":{"line":209,"column":0}},"209":{"start":{"line":210,"column":0},"end":{"line":210,"column":44}},"210":{"start":{"line":211,"column":0},"end":{"line":211,"column":42}},"211":{"start":{"line":212,"column":0},"end":{"line":212,"column":36}},"212":{"start":{"line":213,"column":0},"end":{"line":213,"column":24}},"213":{"start":{"line":214,"column":0},"end":{"line":214,"column":29}},"214":{"start":{"line":215,"column":0},"end":{"line":215,"column":46}},"215":{"start":{"line":216,"column":0},"end":{"line":216,"column":71}},"216":{"start":{"line":217,"column":0},"end":{"line":217,"column":11}},"217":{"start":{"line":218,"column":0},"end":{"line":218,"column":10}},"218":{"start":{"line":219,"column":0},"end":{"line":219,"column":7}},"219":{"start":{"line":220,"column":0},"end":{"line":220,"column":7}},"220":{"start":{"line":221,"column":0},"end":{"line":221,"column":4}},"221":{"start":{"line":222,"column":0},"end":{"line":222,"column":0}},"222":{"start":{"line":223,"column":0},"end":{"line":223,"column":32}},"223":{"start":{"line":224,"column":0},"end":{"line":224,"column":45}},"224":{"start":{"line":225,"column":0},"end":{"line":225,"column":39}},"225":{"start":{"line":226,"column":0},"end":{"line":226,"column":38}},"226":{"start":{"line":227,"column":0},"end":{"line":227,"column":36}},"227":{"start":{"line":228,"column":0},"end":{"line":228,"column":36}},"228":{"start":{"line":229,"column":0},"end":{"line":229,"column":10}},"229":{"start":{"line":230,"column":0},"end":{"line":230,"column":7}},"230":{"start":{"line":231,"column":0},"end":{"line":231,"column":7}},"231":{"start":{"line":232,"column":0},"end":{"line":232,"column":4}},"232":{"start":{"line":233,"column":0},"end":{"line":233,"column":0}},"233":{"start":{"line":234,"column":0},"end":{"line":234,"column":32}},"234":{"start":{"line":235,"column":0},"end":{"line":235,"column":61}},"235":{"start":{"line":236,"column":0},"end":{"line":236,"column":4}},"236":{"start":{"line":237,"column":0},"end":{"line":237,"column":0}},"237":{"start":{"line":238,"column":0},"end":{"line":238,"column":32}},"238":{"start":{"line":239,"column":0},"end":{"line":239,"column":16}},"239":{"start":{"line":240,"column":0},"end":{"line":240,"column":56}},"240":{"start":{"line":241,"column":0},"end":{"line":241,"column":54}},"241":{"start":{"line":242,"column":0},"end":{"line":242,"column":8}},"242":{"start":{"line":243,"column":0},"end":{"line":243,"column":4}},"243":{"start":{"line":244,"column":0},"end":{"line":244,"column":0}},"244":{"start":{"line":245,"column":0},"end":{"line":245,"column":50}},"245":{"start":{"line":246,"column":0},"end":{"line":246,"column":17}},"246":{"start":{"line":247,"column":0},"end":{"line":247,"column":58}},"247":{"start":{"line":248,"column":0},"end":{"line":248,"column":28}},"248":{"start":{"line":249,"column":0},"end":{"line":249,"column":26}},"249":{"start":{"line":250,"column":0},"end":{"line":250,"column":7}},"250":{"start":{"line":251,"column":0},"end":{"line":251,"column":0}},"251":{"start":{"line":252,"column":0},"end":{"line":252,"column":15}},"252":{"start":{"line":253,"column":0},"end":{"line":253,"column":4}},"253":{"start":{"line":254,"column":0},"end":{"line":254,"column":0}},"254":{"start":{"line":255,"column":0},"end":{"line":255,"column":27}},"255":{"start":{"line":256,"column":0},"end":{"line":256,"column":0}},"256":{"start":{"line":257,"column":0},"end":{"line":257,"column":17}},"257":{"start":{"line":258,"column":0},"end":{"line":258,"column":5}}},"s":{"0":1,"1":1,"2":107,"3":0,"4":0,"5":107,"6":107,"7":107,"8":107,"9":107,"10":107,"11":92,"12":91,"13":91,"14":91,"15":91,"16":91,"17":91,"18":92,"19":92,"20":107,"21":107,"22":15,"23":15,"24":15,"25":15,"26":15,"27":15,"28":15,"29":15,"30":15,"31":107,"32":107,"33":107,"34":107,"35":0,"36":0,"37":107,"38":1,"39":1,"40":95,"41":95,"42":95,"43":95,"44":95,"45":93,"46":95,"47":10,"48":10,"49":10,"50":9,"51":9,"52":9,"53":7,"54":7,"55":7,"56":7,"57":7,"58":9,"59":9,"60":2,"61":2,"62":2,"63":2,"64":2,"65":2,"66":9,"67":10,"68":1,"69":1,"70":10,"71":0,"72":0,"73":0,"74":0,"75":0,"76":95,"77":83,"78":83,"79":95,"80":1,"81":1,"82":69,"83":69,"84":69,"85":69,"86":47,"87":22,"88":5,"89":69,"90":69,"91":69,"92":69,"93":69,"94":69,"95":69,"96":3,"97":3,"98":3,"99":3,"100":3,"101":3,"102":0,"103":0,"104":3,"105":3,"106":3,"107":69,"108":0,"109":0,"110":0,"111":0,"112":0,"113":0,"114":0,"115":0,"116":0,"117":0,"118":0,"119":69,"120":66,"121":66,"122":66,"123":51,"124":51,"125":51,"126":51,"127":0,"128":0,"129":66,"130":66,"131":15,"132":15,"133":15,"134":15,"135":5,"136":5,"137":15,"138":66,"139":66,"140":66,"141":69,"142":0,"143":0,"144":69,"145":1,"146":1,"147":1,"148":2,"149":1,"150":1,"151":1,"152":0,"153":0,"154":0,"155":0,"156":0,"157":0,"158":0,"159":1,"160":1,"161":1,"162":4,"163":4,"164":4,"165":4,"166":4,"167":4,"168":4,"169":14,"170":14,"171":13,"172":13,"173":13,"174":14,"175":14,"176":14,"177":14,"178":4,"179":1,"180":1,"181":1,"182":0,"183":0,"184":0,"185":0,"186":0,"187":0,"188":0,"189":0,"190":0,"191":0,"192":0,"193":0,"194":0,"195":0,"196":0,"197":0,"198":0,"199":0,"200":0,"201":1,"202":1,"203":1,"204":0,"205":0,"206":0,"207":0,"208":0,"209":0,"210":0,"211":0,"212":0,"213":0,"214":0,"215":0,"216":0,"217":0,"218":0,"219":0,"220":1,"221":1,"222":1,"223":0,"224":0,"225":0,"226":0,"227":0,"228":0,"229":0,"230":0,"231":1,"232":1,"233":1,"234":3,"235":1,"236":1,"237":1,"238":24,"239":24,"240":24,"241":24,"242":1,"243":1,"244":1,"245":0,"246":0,"247":0,"248":0,"249":0,"250":0,"251":0,"252":1,"253":1,"254":1,"255":1,"256":1,"257":1},"branchMap":{"0":{"type":"branch","line":1,"loc":{"start":{"line":1,"column":17},"end":{"line":258,"column":3}},"locations":[{"start":{"line":1,"column":17},"end":{"line":258,"column":3}}]},"1":{"type":"branch","line":2,"loc":{"start":{"line":2,"column":2},"end":{"line":38,"column":3}},"locations":[{"start":{"line":2,"column":2},"end":{"line":38,"column":3}}]},"2":{"type":"branch","line":3,"loc":{"start":{"line":3,"column":40},"end":{"line":5,"column":5}},"locations":[{"start":{"line":3,"column":40},"end":{"line":5,"column":5}}]},"3":{"type":"branch","line":35,"loc":{"start":{"line":35,"column":6},"end":{"line":37,"column":5}},"locations":[{"start":{"line":35,"column":6},"end":{"line":37,"column":5}}]},"4":{"type":"branch","line":11,"loc":{"start":{"line":11,"column":4},"end":{"line":20,"column":5}},"locations":[{"start":{"line":11,"column":4},"end":{"line":20,"column":5}}]},"5":{"type":"branch","line":12,"loc":{"start":{"line":12,"column":17},"end":{"line":19,"column":7}},"locations":[{"start":{"line":12,"column":17},"end":{"line":19,"column":7}}]},"6":{"type":"branch","line":13,"loc":{"start":{"line":13,"column":39},"end":{"line":13,"column":46}},"locations":[{"start":{"line":13,"column":39},"end":{"line":13,"column":46}}]},"7":{"type":"branch","line":18,"loc":{"start":{"line":18,"column":32},"end":{"line":18,"column":59}},"locations":[{"start":{"line":18,"column":32},"end":{"line":18,"column":59}}]},"8":{"type":"branch","line":22,"loc":{"start":{"line":22,"column":4},"end":{"line":31,"column":5}},"locations":[{"start":{"line":22,"column":4},"end":{"line":31,"column":5}}]},"9":{"type":"branch","line":23,"loc":{"start":{"line":23,"column":17},"end":{"line":30,"column":7}},"locations":[{"start":{"line":23,"column":17},"end":{"line":30,"column":7}}]},"10":{"type":"branch","line":24,"loc":{"start":{"line":24,"column":39},"end":{"line":24,"column":46}},"locations":[{"start":{"line":24,"column":39},"end":{"line":24,"column":46}}]},"11":{"type":"branch","line":29,"loc":{"start":{"line":29,"column":32},"end":{"line":29,"column":60}},"locations":[{"start":{"line":29,"column":32},"end":{"line":29,"column":60}}]},"12":{"type":"branch","line":40,"loc":{"start":{"line":40,"column":2},"end":{"line":80,"column":3}},"locations":[{"start":{"line":40,"column":2},"end":{"line":80,"column":3}}]},"13":{"type":"branch","line":45,"loc":{"start":{"line":45,"column":6},"end":{"line":45,"column":75}},"locations":[{"start":{"line":45,"column":6},"end":{"line":45,"column":75}}]},"14":{"type":"branch","line":45,"loc":{"start":{"line":45,"column":74},"end":{"line":47,"column":72}},"locations":[{"start":{"line":45,"column":74},"end":{"line":47,"column":72}}]},"15":{"type":"branch","line":47,"loc":{"start":{"line":47,"column":44},"end":{"line":47,"column":71}},"locations":[{"start":{"line":47,"column":44},"end":{"line":47,"column":71}}]},"16":{"type":"branch","line":47,"loc":{"start":{"line":47,"column":74},"end":{"line":77,"column":5}},"locations":[{"start":{"line":47,"column":74},"end":{"line":77,"column":5}}]},"17":{"type":"branch","line":50,"loc":{"start":{"line":50,"column":40},"end":{"line":68,"column":9}},"locations":[{"start":{"line":50,"column":40},"end":{"line":68,"column":9}}]},"18":{"type":"branch","line":68,"loc":{"start":{"line":68,"column":9},"end":{"line":70,"column":9}},"locations":[{"start":{"line":68,"column":9},"end":{"line":70,"column":9}}]},"19":{"type":"branch","line":71,"loc":{"start":{"line":71,"column":8},"end":{"line":76,"column":7}},"locations":[{"start":{"line":71,"column":8},"end":{"line":76,"column":7}}]},"20":{"type":"branch","line":77,"loc":{"start":{"line":77,"column":5},"end":{"line":79,"column":5}},"locations":[{"start":{"line":77,"column":5},"end":{"line":79,"column":5}}]},"21":{"type":"branch","line":53,"loc":{"start":{"line":53,"column":13},"end":{"line":59,"column":13}},"locations":[{"start":{"line":53,"column":13},"end":{"line":59,"column":13}}]},"22":{"type":"branch","line":55,"loc":{"start":{"line":55,"column":37},"end":{"line":55,"column":44}},"locations":[{"start":{"line":55,"column":37},"end":{"line":55,"column":44}}]},"23":{"type":"branch","line":60,"loc":{"start":{"line":60,"column":13},"end":{"line":66,"column":13}},"locations":[{"start":{"line":60,"column":13},"end":{"line":66,"column":13}}]},"24":{"type":"branch","line":62,"loc":{"start":{"line":62,"column":37},"end":{"line":62,"column":44}},"locations":[{"start":{"line":62,"column":37},"end":{"line":62,"column":44}}]},"25":{"type":"branch","line":82,"loc":{"start":{"line":82,"column":27},"end":{"line":146,"column":3}},"locations":[{"start":{"line":82,"column":27},"end":{"line":146,"column":3}}]},"26":{"type":"branch","line":84,"loc":{"start":{"line":84,"column":39},"end":{"line":84,"column":53}},"locations":[{"start":{"line":84,"column":39},"end":{"line":84,"column":53}}]},"27":{"type":"branch","line":84,"loc":{"start":{"line":84,"column":53},"end":{"line":84,"column":72}},"locations":[{"start":{"line":84,"column":53},"end":{"line":84,"column":72}}]},"28":{"type":"branch","line":87,"loc":{"start":{"line":87,"column":-2},"end":{"line":87,"column":20}},"locations":[{"start":{"line":87,"column":-2},"end":{"line":87,"column":20}}]},"29":{"type":"branch","line":88,"loc":{"start":{"line":88,"column":-2},"end":{"line":90,"column":11}},"locations":[{"start":{"line":88,"column":-2},"end":{"line":90,"column":11}}]},"30":{"type":"branch","line":96,"loc":{"start":{"line":96,"column":6},"end":{"line":107,"column":7}},"locations":[{"start":{"line":96,"column":6},"end":{"line":107,"column":7}}]},"31":{"type":"branch","line":108,"loc":{"start":{"line":108,"column":6},"end":{"line":119,"column":7}},"locations":[{"start":{"line":108,"column":6},"end":{"line":119,"column":7}}]},"32":{"type":"branch","line":120,"loc":{"start":{"line":120,"column":6},"end":{"line":141,"column":7}},"locations":[{"start":{"line":120,"column":6},"end":{"line":141,"column":7}}]},"33":{"type":"branch","line":142,"loc":{"start":{"line":142,"column":6},"end":{"line":144,"column":7}},"locations":[{"start":{"line":142,"column":6},"end":{"line":144,"column":7}}]},"34":{"type":"branch","line":84,"loc":{"start":{"line":84,"column":57},"end":{"line":84,"column":72}},"locations":[{"start":{"line":84,"column":57},"end":{"line":84,"column":72}}]},"35":{"type":"branch","line":88,"loc":{"start":{"line":88,"column":11},"end":{"line":90,"column":11}},"locations":[{"start":{"line":88,"column":11},"end":{"line":90,"column":11}}]},"36":{"type":"branch","line":97,"loc":{"start":{"line":97,"column":39},"end":{"line":106,"column":9}},"locations":[{"start":{"line":97,"column":39},"end":{"line":106,"column":9}}]},"37":{"type":"branch","line":98,"loc":{"start":{"line":98,"column":21},"end":{"line":105,"column":11}},"locations":[{"start":{"line":98,"column":21},"end":{"line":105,"column":11}}]},"38":{"type":"branch","line":102,"loc":{"start":{"line":102,"column":14},"end":{"line":104,"column":13}},"locations":[{"start":{"line":102,"column":14},"end":{"line":104,"column":13}}]},"39":{"type":"branch","line":121,"loc":{"start":{"line":121,"column":39},"end":{"line":140,"column":9}},"locations":[{"start":{"line":121,"column":39},"end":{"line":140,"column":9}}]},"40":{"type":"branch","line":123,"loc":{"start":{"line":123,"column":25},"end":{"line":130,"column":13}},"locations":[{"start":{"line":123,"column":25},"end":{"line":130,"column":13}}]},"41":{"type":"branch","line":127,"loc":{"start":{"line":127,"column":16},"end":{"line":129,"column":15}},"locations":[{"start":{"line":127,"column":16},"end":{"line":129,"column":15}}]},"42":{"type":"branch","line":131,"loc":{"start":{"line":131,"column":25},"end":{"line":138,"column":13}},"locations":[{"start":{"line":131,"column":25},"end":{"line":138,"column":13}}]},"43":{"type":"branch","line":135,"loc":{"start":{"line":135,"column":16},"end":{"line":137,"column":15}},"locations":[{"start":{"line":135,"column":16},"end":{"line":137,"column":15}}]},"44":{"type":"branch","line":148,"loc":{"start":{"line":148,"column":28},"end":{"line":150,"column":3}},"locations":[{"start":{"line":148,"column":28},"end":{"line":150,"column":3}}]},"45":{"type":"branch","line":162,"loc":{"start":{"line":162,"column":17},"end":{"line":180,"column":3}},"locations":[{"start":{"line":162,"column":17},"end":{"line":180,"column":3}}]},"46":{"type":"branch","line":163,"loc":{"start":{"line":163,"column":23},"end":{"line":179,"column":5}},"locations":[{"start":{"line":163,"column":23},"end":{"line":179,"column":5}}]},"47":{"type":"branch","line":169,"loc":{"start":{"line":169,"column":43},"end":{"line":179,"column":5}},"locations":[{"start":{"line":169,"column":43},"end":{"line":179,"column":5}}]},"48":{"type":"branch","line":171,"loc":{"start":{"line":171,"column":11},"end":{"line":175,"column":11}},"locations":[{"start":{"line":171,"column":11},"end":{"line":175,"column":11}}]},"49":{"type":"branch","line":174,"loc":{"start":{"line":174,"column":47},"end":{"line":174,"column":78}},"locations":[{"start":{"line":174,"column":47},"end":{"line":174,"column":78}}]},"50":{"type":"branch","line":176,"loc":{"start":{"line":176,"column":11},"end":{"line":176,"column":36}},"locations":[{"start":{"line":176,"column":11},"end":{"line":176,"column":36}}]},"51":{"type":"branch","line":234,"loc":{"start":{"line":234,"column":20},"end":{"line":236,"column":3}},"locations":[{"start":{"line":234,"column":20},"end":{"line":236,"column":3}}]},"52":{"type":"branch","line":235,"loc":{"start":{"line":235,"column":23},"end":{"line":235,"column":59}},"locations":[{"start":{"line":235,"column":23},"end":{"line":235,"column":59}}]},"53":{"type":"branch","line":238,"loc":{"start":{"line":238,"column":21},"end":{"line":243,"column":3}},"locations":[{"start":{"line":238,"column":21},"end":{"line":243,"column":3}}]},"54":{"type":"branch","line":240,"loc":{"start":{"line":240,"column":34},"end":{"line":242,"column":5}},"locations":[{"start":{"line":240,"column":34},"end":{"line":242,"column":5}}]}},"b":{"0":[1],"1":[107],"2":[0],"3":[0],"4":[92],"5":[91],"6":[0],"7":[51],"8":[15],"9":[15],"10":[0],"11":[15],"12":[95],"13":[2],"14":[93],"15":[83],"16":[10],"17":[9],"18":[1],"19":[0],"20":[83],"21":[7],"22":[0],"23":[2],"24":[0],"25":[69],"26":[65],"27":[4],"28":[47],"29":[22],"30":[3],"31":[0],"32":[66],"33":[0],"34":[1],"35":[5],"36":[3],"37":[3],"38":[0],"39":[66],"40":[51],"41":[0],"42":[15],"43":[5],"44":[2],"45":[4],"46":[4],"47":[14],"48":[13],"49":[3],"50":[1],"51":[3],"52":[3],"53":[24],"54":[24]},"fnMap":{"0":{"name":"Promise","decl":{"start":{"line":2,"column":2},"end":{"line":38,"column":3}},"loc":{"start":{"line":2,"column":2},"end":{"line":38,"column":3}},"line":2},"1":{"name":"resolve","decl":{"start":{"line":11,"column":4},"end":{"line":20,"column":5}},"loc":{"start":{"line":11,"column":4},"end":{"line":20,"column":5}},"line":11},"2":{"name":"reject","decl":{"start":{"line":22,"column":4},"end":{"line":31,"column":5}},"loc":{"start":{"line":22,"column":4},"end":{"line":31,"column":5}},"line":22},"3":{"name":"resolvePromise","decl":{"start":{"line":40,"column":2},"end":{"line":80,"column":3}},"loc":{"start":{"line":40,"column":2},"end":{"line":80,"column":3}},"line":40},"4":{"name":"then.call.thenCalledOrThrow","decl":{"start":{"line":53,"column":13},"end":{"line":59,"column":13}},"loc":{"start":{"line":53,"column":13},"end":{"line":59,"column":13}},"line":53},"5":{"name":"Object.<anonymous>.Promise.then","decl":{"start":{"line":82,"column":27},"end":{"line":146,"column":3}},"loc":{"start":{"line":82,"column":27},"end":{"line":146,"column":3}},"line":82},"6":{"name":"onFulfilled","decl":{"start":{"line":84,"column":57},"end":{"line":84,"column":72}},"loc":{"start":{"line":84,"column":57},"end":{"line":84,"column":72}},"line":84},"7":{"name":"onRejected","decl":{"start":{"line":88,"column":11},"end":{"line":90,"column":11}},"loc":{"start":{"line":88,"column":11},"end":{"line":90,"column":11}},"line":88},"8":{"name":"onResolved","decl":{"start":{"line":123,"column":25},"end":{"line":130,"column":13}},"loc":{"start":{"line":123,"column":25},"end":{"line":130,"column":13}},"line":123},"9":{"name":"onRejected","decl":{"start":{"line":131,"column":25},"end":{"line":138,"column":13}},"loc":{"start":{"line":131,"column":25},"end":{"line":138,"column":13}},"line":131},"10":{"name":"Object.<anonymous>.Promise.catch","decl":{"start":{"line":148,"column":28},"end":{"line":150,"column":3}},"loc":{"start":{"line":148,"column":28},"end":{"line":150,"column":3}},"line":148},"11":{"name":"Object.<anonymous>.Promise.finally","decl":{"start":{"line":152,"column":30},"end":{"line":160,"column":3}},"loc":{"start":{"line":152,"column":30},"end":{"line":160,"column":3}},"line":152},"12":{"name":"Object.<anonymous>.Promise.all","decl":{"start":{"line":162,"column":17},"end":{"line":180,"column":3}},"loc":{"start":{"line":162,"column":17},"end":{"line":180,"column":3}},"line":162},"13":{"name":"Object.<anonymous>.Promise.allSettled","decl":{"start":{"line":182,"column":24},"end":{"line":202,"column":3}},"loc":{"start":{"line":182,"column":24},"end":{"line":202,"column":3}},"line":182},"14":{"name":"Object.<anonymous>.Promise.any","decl":{"start":{"line":204,"column":17},"end":{"line":221,"column":3}},"loc":{"start":{"line":204,"column":17},"end":{"line":221,"column":3}},"line":204},"15":{"name":"Object.<anonymous>.Promise.race","decl":{"start":{"line":223,"column":18},"end":{"line":232,"column":3}},"loc":{"start":{"line":223,"column":18},"end":{"line":232,"column":3}},"line":223},"16":{"name":"Object.<anonymous>.Promise.reject","decl":{"start":{"line":234,"column":20},"end":{"line":236,"column":3}},"loc":{"start":{"line":234,"column":20},"end":{"line":236,"column":3}},"line":234},"17":{"name":"Object.<anonymous>.Promise.resolve","decl":{"start":{"line":238,"column":21},"end":{"line":243,"column":3}},"loc":{"start":{"line":238,"column":21},"end":{"line":243,"column":3}},"line":238},"18":{"name":"Object.<anonymous>.Promise.deferred.Promise.defer","decl":{"start":{"line":245,"column":37},"end":{"line":253,"column":3}},"loc":{"start":{"line":245,"column":37},"end":{"line":253,"column":3}},"line":245}},"f":{"0":107,"1":92,"2":15,"3":95,"4":7,"5":69,"6":1,"7":5,"8":51,"9":15,"10":2,"11":0,"12":4,"13":0,"14":0,"15":0,"16":3,"17":24,"18":0}}
}
