{"D:\\learning\\javascript\\Code-Notes\\Promise\\myPromise.js": {"path":"D:\\learning\\javascript\\Code-Notes\\Promise\\myPromise.js","all":false,"statementMap":{"0":{"start":{"line":1,"column":0},"end":{"line":1,"column":24}},"1":{"start":{"line":2,"column":0},"end":{"line":2,"column":30}},"2":{"start":{"line":3,"column":0},"end":{"line":3,"column":41}},"3":{"start":{"line":4,"column":0},"end":{"line":4,"column":57}},"4":{"start":{"line":5,"column":0},"end":{"line":5,"column":5}},"5":{"start":{"line":6,"column":0},"end":{"line":6,"column":0}},"6":{"start":{"line":7,"column":0},"end":{"line":7,"column":37}},"7":{"start":{"line":8,"column":0},"end":{"line":8,"column":35}},"8":{"start":{"line":9,"column":0},"end":{"line":9,"column":5}},"9":{"start":{"line":10,"column":0},"end":{"line":10,"column":0}},"10":{"start":{"line":11,"column":0},"end":{"line":11,"column":22}},"11":{"start":{"line":12,"column":0},"end":{"line":12,"column":24}},"12":{"start":{"line":13,"column":0},"end":{"line":13,"column":28}},"13":{"start":{"line":14,"column":0},"end":{"line":14,"column":0}},"14":{"start":{"line":15,"column":0},"end":{"line":15,"column":29}},"15":{"start":{"line":16,"column":0},"end":{"line":16,"column":24}},"16":{"start":{"line":17,"column":0},"end":{"line":17,"column":46}},"17":{"start":{"line":18,"column":0},"end":{"line":18,"column":0}},"18":{"start":{"line":19,"column":0},"end":{"line":19,"column":34}},"19":{"start":{"line":20,"column":0},"end":{"line":20,"column":26}},"20":{"start":{"line":21,"column":0},"end":{"line":21,"column":0}},"21":{"start":{"line":22,"column":0},"end":{"line":22,"column":61}},"22":{"start":{"line":23,"column":0},"end":{"line":23,"column":9}},"23":{"start":{"line":24,"column":0},"end":{"line":24,"column":5}},"24":{"start":{"line":25,"column":0},"end":{"line":25,"column":0}},"25":{"start":{"line":26,"column":0},"end":{"line":26,"column":29}},"26":{"start":{"line":27,"column":0},"end":{"line":27,"column":24}},"27":{"start":{"line":28,"column":0},"end":{"line":28,"column":46}},"28":{"start":{"line":29,"column":0},"end":{"line":29,"column":0}},"29":{"start":{"line":30,"column":0},"end":{"line":30,"column":33}},"30":{"start":{"line":31,"column":0},"end":{"line":31,"column":27}},"31":{"start":{"line":32,"column":0},"end":{"line":32,"column":0}},"32":{"start":{"line":33,"column":0},"end":{"line":33,"column":62}},"33":{"start":{"line":34,"column":0},"end":{"line":34,"column":9}},"34":{"start":{"line":35,"column":0},"end":{"line":35,"column":5}},"35":{"start":{"line":36,"column":0},"end":{"line":36,"column":0}},"36":{"start":{"line":37,"column":0},"end":{"line":37,"column":9}},"37":{"start":{"line":38,"column":0},"end":{"line":38,"column":32}},"38":{"start":{"line":39,"column":0},"end":{"line":39,"column":19}},"39":{"start":{"line":40,"column":0},"end":{"line":40,"column":18}},"40":{"start":{"line":41,"column":0},"end":{"line":41,"column":5}},"41":{"start":{"line":42,"column":0},"end":{"line":42,"column":3}},"42":{"start":{"line":43,"column":0},"end":{"line":43,"column":0}},"43":{"start":{"line":44,"column":0},"end":{"line":44,"column":56}},"44":{"start":{"line":45,"column":0},"end":{"line":45,"column":13}},"45":{"start":{"line":46,"column":0},"end":{"line":46,"column":34}},"46":{"start":{"line":47,"column":0},"end":{"line":47,"column":0}},"47":{"start":{"line":48,"column":0},"end":{"line":48,"column":22}},"48":{"start":{"line":49,"column":0},"end":{"line":49,"column":75}},"49":{"start":{"line":50,"column":0},"end":{"line":50,"column":0}},"50":{"start":{"line":51,"column":0},"end":{"line":51,"column":75}},"51":{"start":{"line":52,"column":0},"end":{"line":52,"column":11}},"52":{"start":{"line":53,"column":0},"end":{"line":53,"column":22}},"53":{"start":{"line":54,"column":0},"end":{"line":54,"column":41}},"54":{"start":{"line":55,"column":0},"end":{"line":55,"column":20}},"55":{"start":{"line":56,"column":0},"end":{"line":56,"column":14}},"56":{"start":{"line":57,"column":0},"end":{"line":57,"column":20}},"57":{"start":{"line":58,"column":0},"end":{"line":58,"column":47}},"58":{"start":{"line":59,"column":0},"end":{"line":59,"column":44}},"59":{"start":{"line":60,"column":0},"end":{"line":60,"column":39}},"60":{"start":{"line":61,"column":0},"end":{"line":61,"column":0}},"61":{"start":{"line":62,"column":0},"end":{"line":62,"column":65}},"62":{"start":{"line":63,"column":0},"end":{"line":63,"column":14}},"63":{"start":{"line":64,"column":0},"end":{"line":64,"column":20}},"64":{"start":{"line":65,"column":0},"end":{"line":65,"column":47}},"65":{"start":{"line":66,"column":0},"end":{"line":66,"column":44}},"66":{"start":{"line":67,"column":0},"end":{"line":67,"column":39}},"67":{"start":{"line":68,"column":0},"end":{"line":68,"column":0}},"68":{"start":{"line":69,"column":0},"end":{"line":69,"column":31}},"69":{"start":{"line":70,"column":0},"end":{"line":70,"column":13}},"70":{"start":{"line":71,"column":0},"end":{"line":71,"column":12}},"71":{"start":{"line":72,"column":0},"end":{"line":72,"column":16}},"72":{"start":{"line":73,"column":0},"end":{"line":73,"column":28}},"73":{"start":{"line":74,"column":0},"end":{"line":74,"column":9}},"74":{"start":{"line":75,"column":0},"end":{"line":75,"column":21}},"75":{"start":{"line":76,"column":0},"end":{"line":76,"column":38}},"76":{"start":{"line":77,"column":0},"end":{"line":77,"column":33}},"77":{"start":{"line":78,"column":0},"end":{"line":78,"column":0}},"78":{"start":{"line":79,"column":0},"end":{"line":79,"column":27}},"79":{"start":{"line":80,"column":0},"end":{"line":80,"column":7}},"80":{"start":{"line":81,"column":0},"end":{"line":81,"column":12}},"81":{"start":{"line":82,"column":0},"end":{"line":82,"column":24}},"82":{"start":{"line":83,"column":0},"end":{"line":83,"column":5}},"83":{"start":{"line":84,"column":0},"end":{"line":84,"column":3}},"84":{"start":{"line":85,"column":0},"end":{"line":85,"column":0}},"85":{"start":{"line":86,"column":0},"end":{"line":86,"column":63}},"86":{"start":{"line":87,"column":0},"end":{"line":87,"column":17}},"87":{"start":{"line":88,"column":0},"end":{"line":88,"column":73}},"88":{"start":{"line":89,"column":0},"end":{"line":89,"column":16}},"89":{"start":{"line":90,"column":0},"end":{"line":90,"column":38}},"90":{"start":{"line":91,"column":0},"end":{"line":91,"column":20}},"91":{"start":{"line":92,"column":0},"end":{"line":92,"column":23}},"92":{"start":{"line":93,"column":0},"end":{"line":93,"column":25}},"93":{"start":{"line":94,"column":0},"end":{"line":94,"column":12}},"94":{"start":{"line":95,"column":0},"end":{"line":95,"column":0}},"95":{"start":{"line":96,"column":0},"end":{"line":96,"column":22}},"96":{"start":{"line":97,"column":0},"end":{"line":97,"column":17}},"97":{"start":{"line":98,"column":0},"end":{"line":98,"column":0}},"98":{"start":{"line":99,"column":0},"end":{"line":99,"column":26}},"99":{"start":{"line":100,"column":0},"end":{"line":100,"column":25}},"100":{"start":{"line":101,"column":0},"end":{"line":101,"column":61}},"101":{"start":{"line":102,"column":0},"end":{"line":102,"column":28}},"102":{"start":{"line":103,"column":0},"end":{"line":103,"column":17}},"103":{"start":{"line":104,"column":0},"end":{"line":104,"column":45}},"104":{"start":{"line":105,"column":0},"end":{"line":105,"column":59}},"105":{"start":{"line":106,"column":0},"end":{"line":106,"column":27}},"106":{"start":{"line":107,"column":0},"end":{"line":107,"column":33}},"107":{"start":{"line":108,"column":0},"end":{"line":108,"column":13}},"108":{"start":{"line":109,"column":0},"end":{"line":109,"column":13}},"109":{"start":{"line":110,"column":0},"end":{"line":110,"column":12}},"110":{"start":{"line":111,"column":0},"end":{"line":111,"column":7}},"111":{"start":{"line":112,"column":0},"end":{"line":112,"column":24}},"112":{"start":{"line":113,"column":0},"end":{"line":113,"column":61}},"113":{"start":{"line":114,"column":0},"end":{"line":114,"column":28}},"114":{"start":{"line":115,"column":0},"end":{"line":115,"column":17}},"115":{"start":{"line":116,"column":0},"end":{"line":116,"column":44}},"116":{"start":{"line":117,"column":0},"end":{"line":117,"column":59}},"117":{"start":{"line":118,"column":0},"end":{"line":118,"column":27}},"118":{"start":{"line":119,"column":0},"end":{"line":119,"column":33}},"119":{"start":{"line":120,"column":0},"end":{"line":120,"column":13}},"120":{"start":{"line":121,"column":0},"end":{"line":121,"column":13}},"121":{"start":{"line":122,"column":0},"end":{"line":122,"column":12}},"122":{"start":{"line":123,"column":0},"end":{"line":123,"column":7}},"123":{"start":{"line":124,"column":0},"end":{"line":124,"column":23}},"124":{"start":{"line":125,"column":0},"end":{"line":125,"column":61}},"125":{"start":{"line":126,"column":0},"end":{"line":126,"column":31}},"126":{"start":{"line":127,"column":0},"end":{"line":127,"column":36}},"127":{"start":{"line":128,"column":0},"end":{"line":128,"column":19}},"128":{"start":{"line":129,"column":0},"end":{"line":129,"column":43}},"129":{"start":{"line":130,"column":0},"end":{"line":130,"column":61}},"130":{"start":{"line":131,"column":0},"end":{"line":131,"column":29}},"131":{"start":{"line":132,"column":0},"end":{"line":132,"column":35}},"132":{"start":{"line":133,"column":0},"end":{"line":133,"column":15}},"133":{"start":{"line":134,"column":0},"end":{"line":134,"column":14}},"134":{"start":{"line":135,"column":0},"end":{"line":135,"column":37}},"135":{"start":{"line":136,"column":0},"end":{"line":136,"column":19}},"136":{"start":{"line":137,"column":0},"end":{"line":137,"column":43}},"137":{"start":{"line":138,"column":0},"end":{"line":138,"column":61}},"138":{"start":{"line":139,"column":0},"end":{"line":139,"column":29}},"139":{"start":{"line":140,"column":0},"end":{"line":140,"column":35}},"140":{"start":{"line":141,"column":0},"end":{"line":141,"column":15}},"141":{"start":{"line":142,"column":0},"end":{"line":142,"column":13}},"142":{"start":{"line":143,"column":0},"end":{"line":143,"column":13}},"143":{"start":{"line":144,"column":0},"end":{"line":144,"column":12}},"144":{"start":{"line":145,"column":0},"end":{"line":145,"column":7}},"145":{"start":{"line":146,"column":0},"end":{"line":146,"column":16}},"146":{"start":{"line":147,"column":0},"end":{"line":147,"column":59}},"147":{"start":{"line":148,"column":0},"end":{"line":148,"column":7}},"148":{"start":{"line":149,"column":0},"end":{"line":149,"column":5}},"149":{"start":{"line":150,"column":0},"end":{"line":150,"column":4}},"150":{"start":{"line":151,"column":0},"end":{"line":151,"column":0}},"151":{"start":{"line":152,"column":0},"end":{"line":152,"column":51}},"152":{"start":{"line":153,"column":0},"end":{"line":153,"column":39}},"153":{"start":{"line":154,"column":0},"end":{"line":154,"column":4}},"154":{"start":{"line":155,"column":0},"end":{"line":155,"column":0}},"155":{"start":{"line":156,"column":0},"end":{"line":156,"column":48}},"156":{"start":{"line":157,"column":0},"end":{"line":157,"column":24}},"157":{"start":{"line":158,"column":0},"end":{"line":158,"column":60}},"158":{"start":{"line":159,"column":0},"end":{"line":159,"column":20}},"159":{"start":{"line":160,"column":0},"end":{"line":160,"column":45}},"160":{"start":{"line":161,"column":0},"end":{"line":161,"column":26}},"161":{"start":{"line":162,"column":0},"end":{"line":162,"column":13}},"162":{"start":{"line":163,"column":0},"end":{"line":163,"column":9}},"163":{"start":{"line":164,"column":0},"end":{"line":164,"column":7}},"164":{"start":{"line":165,"column":0},"end":{"line":165,"column":0}},"165":{"start":{"line":166,"column":0},"end":{"line":166,"column":45}},"166":{"start":{"line":167,"column":0},"end":{"line":167,"column":21}},"167":{"start":{"line":168,"column":0},"end":{"line":168,"column":24}},"168":{"start":{"line":169,"column":0},"end":{"line":169,"column":23}},"169":{"start":{"line":170,"column":0},"end":{"line":170,"column":21}},"170":{"start":{"line":171,"column":0},"end":{"line":171,"column":8}},"171":{"start":{"line":172,"column":0},"end":{"line":172,"column":25}},"172":{"start":{"line":173,"column":0},"end":{"line":173,"column":23}},"173":{"start":{"line":174,"column":0},"end":{"line":174,"column":21}},"174":{"start":{"line":175,"column":0},"end":{"line":175,"column":7}},"175":{"start":{"line":176,"column":0},"end":{"line":176,"column":6}},"176":{"start":{"line":177,"column":0},"end":{"line":177,"column":4}},"177":{"start":{"line":178,"column":0},"end":{"line":178,"column":0}},"178":{"start":{"line":179,"column":0},"end":{"line":179,"column":31}},"179":{"start":{"line":180,"column":0},"end":{"line":180,"column":45}},"180":{"start":{"line":181,"column":0},"end":{"line":181,"column":37}},"181":{"start":{"line":182,"column":0},"end":{"line":182,"column":63}},"182":{"start":{"line":183,"column":0},"end":{"line":183,"column":7}},"183":{"start":{"line":184,"column":0},"end":{"line":184,"column":0}},"184":{"start":{"line":185,"column":0},"end":{"line":185,"column":41}},"185":{"start":{"line":186,"column":0},"end":{"line":186,"column":0}},"186":{"start":{"line":187,"column":0},"end":{"line":187,"column":29}},"187":{"start":{"line":188,"column":0},"end":{"line":188,"column":49}},"188":{"start":{"line":189,"column":0},"end":{"line":189,"column":0}},"189":{"start":{"line":190,"column":0},"end":{"line":190,"column":44}},"190":{"start":{"line":191,"column":0},"end":{"line":191,"column":42}},"191":{"start":{"line":192,"column":0},"end":{"line":192,"column":22}},"192":{"start":{"line":193,"column":0},"end":{"line":193,"column":38}},"193":{"start":{"line":194,"column":0},"end":{"line":194,"column":29}},"194":{"start":{"line":195,"column":0},"end":{"line":195,"column":78}},"195":{"start":{"line":196,"column":0},"end":{"line":196,"column":12}},"196":{"start":{"line":197,"column":0},"end":{"line":197,"column":36}},"197":{"start":{"line":198,"column":0},"end":{"line":198,"column":10}},"198":{"start":{"line":199,"column":0},"end":{"line":199,"column":7}},"199":{"start":{"line":200,"column":0},"end":{"line":200,"column":7}},"200":{"start":{"line":201,"column":0},"end":{"line":201,"column":4}},"201":{"start":{"line":202,"column":0},"end":{"line":202,"column":0}},"202":{"start":{"line":203,"column":0},"end":{"line":203,"column":38}},"203":{"start":{"line":204,"column":0},"end":{"line":204,"column":45}},"204":{"start":{"line":205,"column":0},"end":{"line":205,"column":37}},"205":{"start":{"line":206,"column":0},"end":{"line":206,"column":63}},"206":{"start":{"line":207,"column":0},"end":{"line":207,"column":7}},"207":{"start":{"line":208,"column":0},"end":{"line":208,"column":0}},"208":{"start":{"line":209,"column":0},"end":{"line":209,"column":41}},"209":{"start":{"line":210,"column":0},"end":{"line":210,"column":29}},"210":{"start":{"line":211,"column":0},"end":{"line":211,"column":49}},"211":{"start":{"line":212,"column":0},"end":{"line":212,"column":0}},"212":{"start":{"line":213,"column":0},"end":{"line":213,"column":44}},"213":{"start":{"line":214,"column":0},"end":{"line":214,"column":42}},"214":{"start":{"line":215,"column":0},"end":{"line":215,"column":69}},"215":{"start":{"line":216,"column":0},"end":{"line":216,"column":69}},"216":{"start":{"line":217,"column":0},"end":{"line":217,"column":10}},"217":{"start":{"line":218,"column":0},"end":{"line":218,"column":7}},"218":{"start":{"line":219,"column":0},"end":{"line":219,"column":0}},"219":{"start":{"line":220,"column":0},"end":{"line":220,"column":45}},"220":{"start":{"line":221,"column":0},"end":{"line":221,"column":40}},"221":{"start":{"line":222,"column":0},"end":{"line":222,"column":25}},"222":{"start":{"line":223,"column":0},"end":{"line":223,"column":74}},"223":{"start":{"line":224,"column":0},"end":{"line":224,"column":7}},"224":{"start":{"line":225,"column":0},"end":{"line":225,"column":7}},"225":{"start":{"line":226,"column":0},"end":{"line":226,"column":4}},"226":{"start":{"line":227,"column":0},"end":{"line":227,"column":0}},"227":{"start":{"line":228,"column":0},"end":{"line":228,"column":31}},"228":{"start":{"line":229,"column":0},"end":{"line":229,"column":45}},"229":{"start":{"line":230,"column":0},"end":{"line":230,"column":37}},"230":{"start":{"line":231,"column":0},"end":{"line":231,"column":63}},"231":{"start":{"line":232,"column":0},"end":{"line":232,"column":7}},"232":{"start":{"line":233,"column":0},"end":{"line":233,"column":0}},"233":{"start":{"line":234,"column":0},"end":{"line":234,"column":29}},"234":{"start":{"line":235,"column":0},"end":{"line":235,"column":0}},"235":{"start":{"line":236,"column":0},"end":{"line":236,"column":41}},"236":{"start":{"line":237,"column":0},"end":{"line":237,"column":0}},"237":{"start":{"line":238,"column":0},"end":{"line":238,"column":44}},"238":{"start":{"line":239,"column":0},"end":{"line":239,"column":42}},"239":{"start":{"line":240,"column":0},"end":{"line":240,"column":36}},"240":{"start":{"line":241,"column":0},"end":{"line":241,"column":24}},"241":{"start":{"line":242,"column":0},"end":{"line":242,"column":29}},"242":{"start":{"line":243,"column":0},"end":{"line":243,"column":46}},"243":{"start":{"line":244,"column":0},"end":{"line":244,"column":71}},"244":{"start":{"line":245,"column":0},"end":{"line":245,"column":11}},"245":{"start":{"line":246,"column":0},"end":{"line":246,"column":10}},"246":{"start":{"line":247,"column":0},"end":{"line":247,"column":7}},"247":{"start":{"line":248,"column":0},"end":{"line":248,"column":7}},"248":{"start":{"line":249,"column":0},"end":{"line":249,"column":4}},"249":{"start":{"line":250,"column":0},"end":{"line":250,"column":0}},"250":{"start":{"line":251,"column":0},"end":{"line":251,"column":32}},"251":{"start":{"line":252,"column":0},"end":{"line":252,"column":45}},"252":{"start":{"line":253,"column":0},"end":{"line":253,"column":37}},"253":{"start":{"line":254,"column":0},"end":{"line":254,"column":63}},"254":{"start":{"line":255,"column":0},"end":{"line":255,"column":7}},"255":{"start":{"line":256,"column":0},"end":{"line":256,"column":0}},"256":{"start":{"line":257,"column":0},"end":{"line":257,"column":39}},"257":{"start":{"line":258,"column":0},"end":{"line":258,"column":38}},"258":{"start":{"line":259,"column":0},"end":{"line":259,"column":36}},"259":{"start":{"line":260,"column":0},"end":{"line":260,"column":36}},"260":{"start":{"line":261,"column":0},"end":{"line":261,"column":10}},"261":{"start":{"line":262,"column":0},"end":{"line":262,"column":7}},"262":{"start":{"line":263,"column":0},"end":{"line":263,"column":7}},"263":{"start":{"line":264,"column":0},"end":{"line":264,"column":4}},"264":{"start":{"line":265,"column":0},"end":{"line":265,"column":0}},"265":{"start":{"line":266,"column":0},"end":{"line":266,"column":32}},"266":{"start":{"line":267,"column":0},"end":{"line":267,"column":61}},"267":{"start":{"line":268,"column":0},"end":{"line":268,"column":4}},"268":{"start":{"line":269,"column":0},"end":{"line":269,"column":0}},"269":{"start":{"line":270,"column":0},"end":{"line":270,"column":32}},"270":{"start":{"line":271,"column":0},"end":{"line":271,"column":16}},"271":{"start":{"line":272,"column":0},"end":{"line":272,"column":54}},"272":{"start":{"line":273,"column":0},"end":{"line":273,"column":53}},"273":{"start":{"line":274,"column":0},"end":{"line":274,"column":7}},"274":{"start":{"line":275,"column":0},"end":{"line":275,"column":4}},"275":{"start":{"line":276,"column":0},"end":{"line":276,"column":0}},"276":{"start":{"line":277,"column":0},"end":{"line":277,"column":50}},"277":{"start":{"line":278,"column":0},"end":{"line":278,"column":17}},"278":{"start":{"line":279,"column":0},"end":{"line":279,"column":58}},"279":{"start":{"line":280,"column":0},"end":{"line":280,"column":28}},"280":{"start":{"line":281,"column":0},"end":{"line":281,"column":26}},"281":{"start":{"line":282,"column":0},"end":{"line":282,"column":7}},"282":{"start":{"line":283,"column":0},"end":{"line":283,"column":0}},"283":{"start":{"line":284,"column":0},"end":{"line":284,"column":15}},"284":{"start":{"line":285,"column":0},"end":{"line":285,"column":4}},"285":{"start":{"line":286,"column":0},"end":{"line":286,"column":0}},"286":{"start":{"line":287,"column":0},"end":{"line":287,"column":27}},"287":{"start":{"line":288,"column":0},"end":{"line":288,"column":0}},"288":{"start":{"line":289,"column":0},"end":{"line":289,"column":17}},"289":{"start":{"line":290,"column":0},"end":{"line":290,"column":5}}},"s":{"0":1,"1":1,"2":304,"3":0,"4":0,"5":304,"6":304,"7":0,"8":0,"9":304,"10":304,"11":304,"12":304,"13":304,"14":304,"15":259,"16":258,"17":252,"18":252,"19":252,"20":252,"21":252,"22":259,"23":259,"24":304,"25":304,"26":44,"27":44,"28":43,"29":43,"30":43,"31":43,"32":43,"33":44,"34":44,"35":304,"36":304,"37":304,"38":304,"39":1,"40":1,"41":304,"42":1,"43":1,"44":262,"45":262,"46":262,"47":262,"48":262,"49":260,"50":262,"51":46,"52":46,"53":46,"54":39,"55":39,"56":39,"57":27,"58":27,"59":27,"60":27,"61":27,"62":39,"63":39,"64":10,"65":10,"66":10,"67":10,"68":10,"69":10,"70":39,"71":46,"72":7,"73":7,"74":46,"75":0,"76":0,"77":0,"78":0,"79":0,"80":262,"81":214,"82":214,"83":262,"84":1,"85":1,"86":180,"87":180,"88":180,"89":180,"90":150,"91":30,"92":6,"93":180,"94":180,"95":180,"96":180,"97":180,"98":180,"99":180,"100":6,"101":6,"102":6,"103":6,"104":6,"105":6,"106":0,"107":0,"108":6,"109":6,"110":6,"111":180,"112":2,"113":2,"114":2,"115":2,"116":2,"117":2,"118":0,"119":0,"120":2,"121":2,"122":2,"123":180,"124":172,"125":172,"126":172,"127":128,"128":128,"129":128,"130":128,"131":1,"132":1,"133":172,"134":172,"135":40,"136":40,"137":40,"138":40,"139":6,"140":6,"141":40,"142":172,"143":172,"144":172,"145":180,"146":0,"147":0,"148":180,"149":1,"150":1,"151":1,"152":10,"153":1,"154":1,"155":1,"156":1,"157":1,"158":1,"159":1,"160":1,"161":1,"162":1,"163":1,"164":1,"165":1,"166":2,"167":2,"168":2,"169":2,"170":2,"171":2,"172":0,"173":0,"174":0,"175":2,"176":1,"177":1,"178":1,"179":8,"180":8,"181":0,"182":0,"183":8,"184":8,"185":8,"186":8,"187":8,"188":8,"189":8,"190":25,"191":25,"192":22,"193":22,"194":22,"195":25,"196":25,"197":25,"198":25,"199":8,"200":1,"201":1,"202":1,"203":1,"204":1,"205":0,"206":0,"207":1,"208":1,"209":1,"210":1,"211":1,"212":1,"213":4,"214":4,"215":4,"216":4,"217":4,"218":4,"219":4,"220":4,"221":4,"222":4,"223":4,"224":1,"225":1,"226":1,"227":1,"228":2,"229":2,"230":0,"231":0,"232":2,"233":2,"234":2,"235":2,"236":2,"237":2,"238":4,"239":4,"240":4,"241":2,"242":2,"243":2,"244":2,"245":4,"246":4,"247":2,"248":1,"249":1,"250":1,"251":8,"252":8,"253":0,"254":0,"255":8,"256":8,"257":14,"258":14,"259":14,"260":14,"261":14,"262":8,"263":1,"264":1,"265":1,"266":9,"267":1,"268":1,"269":1,"270":66,"271":66,"272":66,"273":66,"274":1,"275":1,"276":1,"277":0,"278":0,"279":0,"280":0,"281":0,"282":0,"283":0,"284":1,"285":1,"286":1,"287":1,"288":1,"289":1},"branchMap":{"0":{"type":"branch","line":1,"loc":{"start":{"line":1,"column":17},"end":{"line":290,"column":3}},"locations":[{"start":{"line":1,"column":17},"end":{"line":290,"column":3}}]},"1":{"type":"branch","line":2,"loc":{"start":{"line":2,"column":2},"end":{"line":42,"column":3}},"locations":[{"start":{"line":2,"column":2},"end":{"line":42,"column":3}}]},"2":{"type":"branch","line":3,"loc":{"start":{"line":3,"column":40},"end":{"line":5,"column":5}},"locations":[{"start":{"line":3,"column":40},"end":{"line":5,"column":5}}]},"3":{"type":"branch","line":7,"loc":{"start":{"line":7,"column":36},"end":{"line":9,"column":5}},"locations":[{"start":{"line":7,"column":36},"end":{"line":9,"column":5}}]},"4":{"type":"branch","line":39,"loc":{"start":{"line":39,"column":6},"end":{"line":41,"column":5}},"locations":[{"start":{"line":39,"column":6},"end":{"line":41,"column":5}}]},"5":{"type":"branch","line":15,"loc":{"start":{"line":15,"column":4},"end":{"line":24,"column":5}},"locations":[{"start":{"line":15,"column":4},"end":{"line":24,"column":5}}]},"6":{"type":"branch","line":16,"loc":{"start":{"line":16,"column":17},"end":{"line":23,"column":7}},"locations":[{"start":{"line":16,"column":17},"end":{"line":23,"column":7}}]},"7":{"type":"branch","line":17,"loc":{"start":{"line":17,"column":39},"end":{"line":17,"column":46}},"locations":[{"start":{"line":17,"column":39},"end":{"line":17,"column":46}}]},"8":{"type":"branch","line":17,"loc":{"start":{"line":17,"column":39},"end":{"line":23,"column":7}},"locations":[{"start":{"line":17,"column":39},"end":{"line":23,"column":7}}]},"9":{"type":"branch","line":22,"loc":{"start":{"line":22,"column":32},"end":{"line":22,"column":59}},"locations":[{"start":{"line":22,"column":32},"end":{"line":22,"column":59}}]},"10":{"type":"branch","line":26,"loc":{"start":{"line":26,"column":4},"end":{"line":35,"column":5}},"locations":[{"start":{"line":26,"column":4},"end":{"line":35,"column":5}}]},"11":{"type":"branch","line":27,"loc":{"start":{"line":27,"column":17},"end":{"line":34,"column":7}},"locations":[{"start":{"line":27,"column":17},"end":{"line":34,"column":7}}]},"12":{"type":"branch","line":28,"loc":{"start":{"line":28,"column":39},"end":{"line":28,"column":46}},"locations":[{"start":{"line":28,"column":39},"end":{"line":28,"column":46}}]},"13":{"type":"branch","line":28,"loc":{"start":{"line":28,"column":39},"end":{"line":34,"column":7}},"locations":[{"start":{"line":28,"column":39},"end":{"line":34,"column":7}}]},"14":{"type":"branch","line":33,"loc":{"start":{"line":33,"column":32},"end":{"line":33,"column":60}},"locations":[{"start":{"line":33,"column":32},"end":{"line":33,"column":60}}]},"15":{"type":"branch","line":44,"loc":{"start":{"line":44,"column":2},"end":{"line":84,"column":3}},"locations":[{"start":{"line":44,"column":2},"end":{"line":84,"column":3}}]},"16":{"type":"branch","line":49,"loc":{"start":{"line":49,"column":6},"end":{"line":49,"column":75}},"locations":[{"start":{"line":49,"column":6},"end":{"line":49,"column":75}}]},"17":{"type":"branch","line":49,"loc":{"start":{"line":49,"column":74},"end":{"line":51,"column":72}},"locations":[{"start":{"line":49,"column":74},"end":{"line":51,"column":72}}]},"18":{"type":"branch","line":51,"loc":{"start":{"line":51,"column":44},"end":{"line":51,"column":71}},"locations":[{"start":{"line":51,"column":44},"end":{"line":51,"column":71}}]},"19":{"type":"branch","line":51,"loc":{"start":{"line":51,"column":74},"end":{"line":81,"column":5}},"locations":[{"start":{"line":51,"column":74},"end":{"line":81,"column":5}}]},"20":{"type":"branch","line":54,"loc":{"start":{"line":54,"column":40},"end":{"line":72,"column":9}},"locations":[{"start":{"line":54,"column":40},"end":{"line":72,"column":9}}]},"21":{"type":"branch","line":72,"loc":{"start":{"line":72,"column":9},"end":{"line":74,"column":9}},"locations":[{"start":{"line":72,"column":9},"end":{"line":74,"column":9}}]},"22":{"type":"branch","line":75,"loc":{"start":{"line":75,"column":8},"end":{"line":80,"column":7}},"locations":[{"start":{"line":75,"column":8},"end":{"line":80,"column":7}}]},"23":{"type":"branch","line":81,"loc":{"start":{"line":81,"column":5},"end":{"line":83,"column":5}},"locations":[{"start":{"line":81,"column":5},"end":{"line":83,"column":5}}]},"24":{"type":"branch","line":57,"loc":{"start":{"line":57,"column":13},"end":{"line":63,"column":13}},"locations":[{"start":{"line":57,"column":13},"end":{"line":63,"column":13}}]},"25":{"type":"branch","line":59,"loc":{"start":{"line":59,"column":37},"end":{"line":59,"column":44}},"locations":[{"start":{"line":59,"column":37},"end":{"line":59,"column":44}}]},"26":{"type":"branch","line":64,"loc":{"start":{"line":64,"column":13},"end":{"line":70,"column":13}},"locations":[{"start":{"line":64,"column":13},"end":{"line":70,"column":13}}]},"27":{"type":"branch","line":66,"loc":{"start":{"line":66,"column":37},"end":{"line":66,"column":44}},"locations":[{"start":{"line":66,"column":37},"end":{"line":66,"column":44}}]},"28":{"type":"branch","line":86,"loc":{"start":{"line":86,"column":27},"end":{"line":150,"column":3}},"locations":[{"start":{"line":86,"column":27},"end":{"line":150,"column":3}}]},"29":{"type":"branch","line":88,"loc":{"start":{"line":88,"column":39},"end":{"line":88,"column":53}},"locations":[{"start":{"line":88,"column":39},"end":{"line":88,"column":53}}]},"30":{"type":"branch","line":88,"loc":{"start":{"line":88,"column":53},"end":{"line":88,"column":72}},"locations":[{"start":{"line":88,"column":53},"end":{"line":88,"column":72}}]},"31":{"type":"branch","line":91,"loc":{"start":{"line":91,"column":-2},"end":{"line":91,"column":20}},"locations":[{"start":{"line":91,"column":-2},"end":{"line":91,"column":20}}]},"32":{"type":"branch","line":92,"loc":{"start":{"line":92,"column":-2},"end":{"line":94,"column":11}},"locations":[{"start":{"line":92,"column":-2},"end":{"line":94,"column":11}}]},"33":{"type":"branch","line":100,"loc":{"start":{"line":100,"column":6},"end":{"line":111,"column":7}},"locations":[{"start":{"line":100,"column":6},"end":{"line":111,"column":7}}]},"34":{"type":"branch","line":112,"loc":{"start":{"line":112,"column":6},"end":{"line":123,"column":7}},"locations":[{"start":{"line":112,"column":6},"end":{"line":123,"column":7}}]},"35":{"type":"branch","line":124,"loc":{"start":{"line":124,"column":6},"end":{"line":145,"column":7}},"locations":[{"start":{"line":124,"column":6},"end":{"line":145,"column":7}}]},"36":{"type":"branch","line":146,"loc":{"start":{"line":146,"column":6},"end":{"line":148,"column":7}},"locations":[{"start":{"line":146,"column":6},"end":{"line":148,"column":7}}]},"37":{"type":"branch","line":88,"loc":{"start":{"line":88,"column":57},"end":{"line":88,"column":72}},"locations":[{"start":{"line":88,"column":57},"end":{"line":88,"column":72}}]},"38":{"type":"branch","line":92,"loc":{"start":{"line":92,"column":11},"end":{"line":94,"column":11}},"locations":[{"start":{"line":92,"column":11},"end":{"line":94,"column":11}}]},"39":{"type":"branch","line":101,"loc":{"start":{"line":101,"column":39},"end":{"line":110,"column":9}},"locations":[{"start":{"line":101,"column":39},"end":{"line":110,"column":9}}]},"40":{"type":"branch","line":102,"loc":{"start":{"line":102,"column":21},"end":{"line":109,"column":11}},"locations":[{"start":{"line":102,"column":21},"end":{"line":109,"column":11}}]},"41":{"type":"branch","line":106,"loc":{"start":{"line":106,"column":14},"end":{"line":108,"column":13}},"locations":[{"start":{"line":106,"column":14},"end":{"line":108,"column":13}}]},"42":{"type":"branch","line":113,"loc":{"start":{"line":113,"column":39},"end":{"line":122,"column":9}},"locations":[{"start":{"line":113,"column":39},"end":{"line":122,"column":9}}]},"43":{"type":"branch","line":114,"loc":{"start":{"line":114,"column":21},"end":{"line":121,"column":11}},"locations":[{"start":{"line":114,"column":21},"end":{"line":121,"column":11}}]},"44":{"type":"branch","line":118,"loc":{"start":{"line":118,"column":14},"end":{"line":120,"column":13}},"locations":[{"start":{"line":118,"column":14},"end":{"line":120,"column":13}}]},"45":{"type":"branch","line":125,"loc":{"start":{"line":125,"column":39},"end":{"line":144,"column":9}},"locations":[{"start":{"line":125,"column":39},"end":{"line":144,"column":9}}]},"46":{"type":"branch","line":127,"loc":{"start":{"line":127,"column":25},"end":{"line":134,"column":13}},"locations":[{"start":{"line":127,"column":25},"end":{"line":134,"column":13}}]},"47":{"type":"branch","line":131,"loc":{"start":{"line":131,"column":16},"end":{"line":133,"column":15}},"locations":[{"start":{"line":131,"column":16},"end":{"line":133,"column":15}}]},"48":{"type":"branch","line":135,"loc":{"start":{"line":135,"column":25},"end":{"line":142,"column":13}},"locations":[{"start":{"line":135,"column":25},"end":{"line":142,"column":13}}]},"49":{"type":"branch","line":139,"loc":{"start":{"line":139,"column":16},"end":{"line":141,"column":15}},"locations":[{"start":{"line":139,"column":16},"end":{"line":141,"column":15}}]},"50":{"type":"branch","line":152,"loc":{"start":{"line":152,"column":28},"end":{"line":154,"column":3}},"locations":[{"start":{"line":152,"column":28},"end":{"line":154,"column":3}}]},"51":{"type":"branch","line":166,"loc":{"start":{"line":166,"column":30},"end":{"line":177,"column":3}},"locations":[{"start":{"line":166,"column":30},"end":{"line":177,"column":3}}]},"52":{"type":"branch","line":168,"loc":{"start":{"line":168,"column":6},"end":{"line":171,"column":7}},"locations":[{"start":{"line":168,"column":6},"end":{"line":171,"column":7}}]},"53":{"type":"branch","line":179,"loc":{"start":{"line":179,"column":17},"end":{"line":201,"column":3}},"locations":[{"start":{"line":179,"column":17},"end":{"line":201,"column":3}}]},"54":{"type":"branch","line":180,"loc":{"start":{"line":180,"column":23},"end":{"line":200,"column":5}},"locations":[{"start":{"line":180,"column":23},"end":{"line":200,"column":5}}]},"55":{"type":"branch","line":181,"loc":{"start":{"line":181,"column":36},"end":{"line":183,"column":7}},"locations":[{"start":{"line":181,"column":36},"end":{"line":183,"column":7}}]},"56":{"type":"branch","line":190,"loc":{"start":{"line":190,"column":43},"end":{"line":200,"column":5}},"locations":[{"start":{"line":190,"column":43},"end":{"line":200,"column":5}}]},"57":{"type":"branch","line":192,"loc":{"start":{"line":192,"column":11},"end":{"line":196,"column":11}},"locations":[{"start":{"line":192,"column":11},"end":{"line":196,"column":11}}]},"58":{"type":"branch","line":195,"loc":{"start":{"line":195,"column":47},"end":{"line":195,"column":78}},"locations":[{"start":{"line":195,"column":47},"end":{"line":195,"column":78}}]},"59":{"type":"branch","line":197,"loc":{"start":{"line":197,"column":11},"end":{"line":197,"column":36}},"locations":[{"start":{"line":197,"column":11},"end":{"line":197,"column":36}}]},"60":{"type":"branch","line":203,"loc":{"start":{"line":203,"column":24},"end":{"line":226,"column":3}},"locations":[{"start":{"line":203,"column":24},"end":{"line":226,"column":3}}]},"61":{"type":"branch","line":204,"loc":{"start":{"line":204,"column":23},"end":{"line":225,"column":5}},"locations":[{"start":{"line":204,"column":23},"end":{"line":225,"column":5}}]},"62":{"type":"branch","line":205,"loc":{"start":{"line":205,"column":36},"end":{"line":207,"column":7}},"locations":[{"start":{"line":205,"column":36},"end":{"line":207,"column":7}}]},"63":{"type":"branch","line":213,"loc":{"start":{"line":213,"column":43},"end":{"line":225,"column":5}},"locations":[{"start":{"line":213,"column":43},"end":{"line":225,"column":5}}]},"64":{"type":"branch","line":215,"loc":{"start":{"line":215,"column":11},"end":{"line":215,"column":68}},"locations":[{"start":{"line":215,"column":11},"end":{"line":215,"column":68}}]},"65":{"type":"branch","line":216,"loc":{"start":{"line":216,"column":11},"end":{"line":216,"column":69}},"locations":[{"start":{"line":216,"column":11},"end":{"line":216,"column":69}}]},"66":{"type":"branch","line":220,"loc":{"start":{"line":220,"column":6},"end":{"line":224,"column":7}},"locations":[{"start":{"line":220,"column":6},"end":{"line":224,"column":7}}]},"67":{"type":"branch","line":223,"loc":{"start":{"line":223,"column":43},"end":{"line":223,"column":74}},"locations":[{"start":{"line":223,"column":43},"end":{"line":223,"column":74}}]},"68":{"type":"branch","line":228,"loc":{"start":{"line":228,"column":17},"end":{"line":249,"column":3}},"locations":[{"start":{"line":228,"column":17},"end":{"line":249,"column":3}}]},"69":{"type":"branch","line":229,"loc":{"start":{"line":229,"column":23},"end":{"line":248,"column":5}},"locations":[{"start":{"line":229,"column":23},"end":{"line":248,"column":5}}]},"70":{"type":"branch","line":230,"loc":{"start":{"line":230,"column":36},"end":{"line":232,"column":7}},"locations":[{"start":{"line":230,"column":36},"end":{"line":232,"column":7}}]},"71":{"type":"branch","line":238,"loc":{"start":{"line":238,"column":43},"end":{"line":248,"column":5}},"locations":[{"start":{"line":238,"column":43},"end":{"line":248,"column":5}}]},"72":{"type":"branch","line":240,"loc":{"start":{"line":240,"column":11},"end":{"line":240,"column":35}},"locations":[{"start":{"line":240,"column":11},"end":{"line":240,"column":35}}]},"73":{"type":"branch","line":241,"loc":{"start":{"line":241,"column":11},"end":{"line":245,"column":11}},"locations":[{"start":{"line":241,"column":11},"end":{"line":245,"column":11}}]},"74":{"type":"branch","line":244,"loc":{"start":{"line":244,"column":14},"end":{"line":244,"column":71}},"locations":[{"start":{"line":244,"column":14},"end":{"line":244,"column":71}}]},"75":{"type":"branch","line":251,"loc":{"start":{"line":251,"column":18},"end":{"line":264,"column":3}},"locations":[{"start":{"line":251,"column":18},"end":{"line":264,"column":3}}]},"76":{"type":"branch","line":252,"loc":{"start":{"line":252,"column":23},"end":{"line":263,"column":5}},"locations":[{"start":{"line":252,"column":23},"end":{"line":263,"column":5}}]},"77":{"type":"branch","line":253,"loc":{"start":{"line":253,"column":36},"end":{"line":255,"column":7}},"locations":[{"start":{"line":253,"column":36},"end":{"line":255,"column":7}}]},"78":{"type":"branch","line":257,"loc":{"start":{"line":257,"column":38},"end":{"line":262,"column":7}},"locations":[{"start":{"line":257,"column":38},"end":{"line":262,"column":7}}]},"79":{"type":"branch","line":259,"loc":{"start":{"line":259,"column":11},"end":{"line":259,"column":35}},"locations":[{"start":{"line":259,"column":11},"end":{"line":259,"column":35}}]},"80":{"type":"branch","line":260,"loc":{"start":{"line":260,"column":11},"end":{"line":260,"column":36}},"locations":[{"start":{"line":260,"column":11},"end":{"line":260,"column":36}}]},"81":{"type":"branch","line":266,"loc":{"start":{"line":266,"column":20},"end":{"line":268,"column":3}},"locations":[{"start":{"line":266,"column":20},"end":{"line":268,"column":3}}]},"82":{"type":"branch","line":267,"loc":{"start":{"line":267,"column":23},"end":{"line":267,"column":59}},"locations":[{"start":{"line":267,"column":23},"end":{"line":267,"column":59}}]},"83":{"type":"branch","line":270,"loc":{"start":{"line":270,"column":21},"end":{"line":275,"column":3}},"locations":[{"start":{"line":270,"column":21},"end":{"line":275,"column":3}}]},"84":{"type":"branch","line":272,"loc":{"start":{"line":272,"column":34},"end":{"line":273,"column":53}},"locations":[{"start":{"line":272,"column":34},"end":{"line":273,"column":53}}]}},"b":{"0":[1],"1":[304],"2":[0],"3":[0],"4":[1],"5":[259],"6":[258],"7":[6],"8":[252],"9":[128],"10":[44],"11":[44],"12":[1],"13":[43],"14":[40],"15":[262],"16":[2],"17":[260],"18":[214],"19":[46],"20":[39],"21":[7],"22":[0],"23":[214],"24":[27],"25":[0],"26":[10],"27":[0],"28":[180],"29":[168],"30":[12],"31":[150],"32":[30],"33":[6],"34":[2],"35":[172],"36":[0],"37":[2],"38":[6],"39":[6],"40":[6],"41":[0],"42":[2],"43":[2],"44":[0],"45":[172],"46":[128],"47":[1],"48":[40],"49":[6],"50":[10],"51":[2],"52":[2],"53":[8],"54":[8],"55":[0],"56":[25],"57":[22],"58":[5],"59":[3],"60":[1],"61":[1],"62":[0],"63":[4],"64":[3],"65":[1],"66":[4],"67":[1],"68":[2],"69":[2],"70":[0],"71":[4],"72":[2],"73":[2],"74":[1],"75":[8],"76":[8],"77":[0],"78":[14],"79":[10],"80":[2],"81":[9],"82":[9],"83":[66],"84":[66]},"fnMap":{"0":{"name":"Promise","decl":{"start":{"line":2,"column":2},"end":{"line":42,"column":3}},"loc":{"start":{"line":2,"column":2},"end":{"line":42,"column":3}},"line":2},"1":{"name":"resolve","decl":{"start":{"line":15,"column":4},"end":{"line":24,"column":5}},"loc":{"start":{"line":15,"column":4},"end":{"line":24,"column":5}},"line":15},"2":{"name":"reject","decl":{"start":{"line":26,"column":4},"end":{"line":35,"column":5}},"loc":{"start":{"line":26,"column":4},"end":{"line":35,"column":5}},"line":26},"3":{"name":"resolvePromise","decl":{"start":{"line":44,"column":2},"end":{"line":84,"column":3}},"loc":{"start":{"line":44,"column":2},"end":{"line":84,"column":3}},"line":44},"4":{"name":"then.call.thenCalledOrThrow","decl":{"start":{"line":57,"column":13},"end":{"line":63,"column":13}},"loc":{"start":{"line":57,"column":13},"end":{"line":63,"column":13}},"line":57},"5":{"name":"Object.<anonymous>.Promise.then","decl":{"start":{"line":86,"column":27},"end":{"line":150,"column":3}},"loc":{"start":{"line":86,"column":27},"end":{"line":150,"column":3}},"line":86},"6":{"name":"onFulfilled","decl":{"start":{"line":88,"column":57},"end":{"line":88,"column":72}},"loc":{"start":{"line":88,"column":57},"end":{"line":88,"column":72}},"line":88},"7":{"name":"onRejected","decl":{"start":{"line":92,"column":11},"end":{"line":94,"column":11}},"loc":{"start":{"line":92,"column":11},"end":{"line":94,"column":11}},"line":92},"8":{"name":"onResolved","decl":{"start":{"line":127,"column":25},"end":{"line":134,"column":13}},"loc":{"start":{"line":127,"column":25},"end":{"line":134,"column":13}},"line":127},"9":{"name":"onRejected","decl":{"start":{"line":135,"column":25},"end":{"line":142,"column":13}},"loc":{"start":{"line":135,"column":25},"end":{"line":142,"column":13}},"line":135},"10":{"name":"Object.<anonymous>.Promise.catch","decl":{"start":{"line":152,"column":28},"end":{"line":154,"column":3}},"loc":{"start":{"line":152,"column":28},"end":{"line":154,"column":3}},"line":152},"11":{"name":"Object.<anonymous>.Promise.finally","decl":{"start":{"line":166,"column":30},"end":{"line":177,"column":3}},"loc":{"start":{"line":166,"column":30},"end":{"line":177,"column":3}},"line":166},"12":{"name":"Object.<anonymous>.Promise.all","decl":{"start":{"line":179,"column":17},"end":{"line":201,"column":3}},"loc":{"start":{"line":179,"column":17},"end":{"line":201,"column":3}},"line":179},"13":{"name":"Object.<anonymous>.Promise.allSettled","decl":{"start":{"line":203,"column":24},"end":{"line":226,"column":3}},"loc":{"start":{"line":203,"column":24},"end":{"line":226,"column":3}},"line":203},"14":{"name":"Promise.resolve.then.addToResults.status","decl":{"start":{"line":215,"column":11},"end":{"line":215,"column":68}},"loc":{"start":{"line":215,"column":11},"end":{"line":215,"column":68}},"line":215},"15":{"name":"addToResults","decl":{"start":{"line":220,"column":6},"end":{"line":224,"column":7}},"loc":{"start":{"line":220,"column":6},"end":{"line":224,"column":7}},"line":220},"16":{"name":"Object.<anonymous>.Promise.any","decl":{"start":{"line":228,"column":17},"end":{"line":249,"column":3}},"loc":{"start":{"line":228,"column":17},"end":{"line":249,"column":3}},"line":228},"17":{"name":"Object.<anonymous>.Promise.race","decl":{"start":{"line":251,"column":18},"end":{"line":264,"column":3}},"loc":{"start":{"line":251,"column":18},"end":{"line":264,"column":3}},"line":251},"18":{"name":"Object.<anonymous>.Promise.reject","decl":{"start":{"line":266,"column":20},"end":{"line":268,"column":3}},"loc":{"start":{"line":266,"column":20},"end":{"line":268,"column":3}},"line":266},"19":{"name":"Object.<anonymous>.Promise.resolve","decl":{"start":{"line":270,"column":21},"end":{"line":275,"column":3}},"loc":{"start":{"line":270,"column":21},"end":{"line":275,"column":3}},"line":270},"20":{"name":"Object.<anonymous>.Promise.deferred.Promise.defer","decl":{"start":{"line":277,"column":37},"end":{"line":285,"column":3}},"loc":{"start":{"line":277,"column":37},"end":{"line":285,"column":3}},"line":277}},"f":{"0":304,"1":259,"2":44,"3":262,"4":27,"5":180,"6":2,"7":6,"8":128,"9":40,"10":10,"11":2,"12":8,"13":1,"14":3,"15":4,"16":2,"17":8,"18":9,"19":66,"20":0}}
}
