TN:
SF:Promise\myPromise.js
FN:2,Promise
FN:11,resolve
FN:22,reject
FN:40,resolvePromise
FN:53,then.call.thenCalledOrThrow
FN:82,Object.<anonymous>.Promise.then
FN:84,onFulfilled
FN:88,onRejected
FN:123,onResolved
FN:131,onRejected
FN:148,Object.<anonymous>.Promise.catch
FN:152,Object.<anonymous>.Promise.finally
FN:162,Object.<anonymous>.Promise.all
FN:181,Object.<anonymous>.Promise.allSettled
FN:202,Object.<anonymous>.Promise.any
FN:220,Object.<anonymous>.Promise.race
FN:231,Object.<anonymous>.Promise.reject
FN:235,Object.<anonymous>.Promise.resolve
FN:242,Object.<anonymous>.Promise.deferred.Promise.defer
FNF:19
FNH:12
FNDA:27,Promise
FNDA:22,resolve
FNDA:5,reject
FNDA:20,resolvePromise
FNDA:1,then.call.thenCalledOrThrow
FNDA:20,Object.<anonymous>.Promise.then
FNDA:1,onFulfilled
FNDA:3,onRejected
FNDA:14,onResolved
FNDA:5,onRejected
FNDA:0,Object.<anonymous>.Promise.catch
FNDA:0,Object.<anonymous>.Promise.finally
FNDA:0,Object.<anonymous>.Promise.all
FNDA:0,Object.<anonymous>.Promise.allSettled
FNDA:0,Object.<anonymous>.Promise.any
FNDA:0,Object.<anonymous>.Promise.race
FNDA:1,Object.<anonymous>.Promise.reject
FNDA:2,Object.<anonymous>.Promise.resolve
FNDA:0,Object.<anonymous>.Promise.deferred.Promise.defer
DA:1,1
DA:2,1
DA:3,27
DA:4,0
DA:5,0
DA:6,27
DA:7,27
DA:8,27
DA:9,27
DA:10,27
DA:11,27
DA:12,22
DA:13,21
DA:14,21
DA:15,21
DA:16,21
DA:17,21
DA:18,21
DA:19,22
DA:20,22
DA:21,27
DA:22,27
DA:23,5
DA:24,5
DA:25,5
DA:26,5
DA:27,5
DA:28,5
DA:29,5
DA:30,5
DA:31,5
DA:32,27
DA:33,27
DA:34,27
DA:35,27
DA:36,0
DA:37,0
DA:38,27
DA:39,1
DA:40,1
DA:41,20
DA:42,20
DA:43,20
DA:44,20
DA:45,20
DA:46,20
DA:47,20
DA:48,1
DA:49,1
DA:50,1
DA:51,1
DA:52,1
DA:53,1
DA:54,1
DA:55,1
DA:56,1
DA:57,1
DA:58,1
DA:59,1
DA:60,1
DA:61,0
DA:62,0
DA:63,0
DA:64,0
DA:65,0
DA:66,0
DA:67,1
DA:68,1
DA:69,0
DA:70,0
DA:71,1
DA:72,0
DA:73,0
DA:74,0
DA:75,0
DA:76,0
DA:77,20
DA:78,19
DA:79,19
DA:80,20
DA:81,1
DA:82,1
DA:83,20
DA:84,20
DA:85,20
DA:86,20
DA:87,8
DA:88,12
DA:89,3
DA:90,20
DA:91,20
DA:92,20
DA:93,20
DA:94,20
DA:95,20
DA:96,20
DA:97,1
DA:98,1
DA:99,1
DA:100,1
DA:101,1
DA:102,1
DA:103,0
DA:104,0
DA:105,1
DA:106,1
DA:107,1
DA:108,20
DA:109,0
DA:110,0
DA:111,0
DA:112,0
DA:113,0
DA:114,0
DA:115,0
DA:116,0
DA:117,0
DA:118,0
DA:119,0
DA:120,20
DA:121,19
DA:122,19
DA:123,19
DA:124,14
DA:125,14
DA:126,14
DA:127,14
DA:128,0
DA:129,0
DA:130,19
DA:131,19
DA:132,5
DA:133,5
DA:134,5
DA:135,5
DA:136,3
DA:137,3
DA:138,5
DA:139,19
DA:140,19
DA:141,19
DA:142,20
DA:143,0
DA:144,0
DA:145,20
DA:146,1
DA:147,1
DA:148,1
DA:149,0
DA:150,1
DA:151,1
DA:152,1
DA:153,0
DA:154,0
DA:155,0
DA:156,0
DA:157,0
DA:158,0
DA:159,0
DA:160,1
DA:161,1
DA:162,1
DA:163,0
DA:164,0
DA:165,0
DA:166,0
DA:167,0
DA:168,0
DA:169,0
DA:170,0
DA:171,0
DA:172,0
DA:173,0
DA:174,0
DA:175,0
DA:176,0
DA:177,0
DA:178,0
DA:179,1
DA:180,1
DA:181,1
DA:182,0
DA:183,0
DA:184,0
DA:185,0
DA:186,0
DA:187,0
DA:188,0
DA:189,0
DA:190,0
DA:191,0
DA:192,0
DA:193,0
DA:194,0
DA:195,0
DA:196,0
DA:197,0
DA:198,0
DA:199,0
DA:200,1
DA:201,1
DA:202,1
DA:203,0
DA:204,0
DA:205,0
DA:206,0
DA:207,0
DA:208,0
DA:209,0
DA:210,0
DA:211,0
DA:212,0
DA:213,0
DA:214,0
DA:215,0
DA:216,0
DA:217,0
DA:218,1
DA:219,1
DA:220,1
DA:221,0
DA:222,0
DA:223,0
DA:224,0
DA:225,0
DA:226,0
DA:227,0
DA:228,0
DA:229,1
DA:230,1
DA:231,1
DA:232,1
DA:233,1
DA:234,1
DA:235,1
DA:236,2
DA:237,2
DA:238,2
DA:239,2
DA:240,1
DA:241,1
DA:242,1
DA:243,0
DA:244,0
DA:245,0
DA:246,0
DA:247,0
DA:248,0
DA:249,0
DA:250,1
DA:251,1
DA:252,1
DA:253,1
DA:254,1
DA:255,1
LF:255
LH:149
BRDA:1,0,0,1
BRDA:2,1,0,27
BRDA:3,2,0,0
BRDA:35,3,0,0
BRDA:11,4,0,22
BRDA:12,5,0,21
BRDA:13,6,0,0
BRDA:18,7,0,14
BRDA:22,8,0,5
BRDA:23,9,0,5
BRDA:24,10,0,0
BRDA:29,11,0,5
BRDA:40,12,0,20
BRDA:45,13,0,0
BRDA:47,14,0,19
BRDA:47,15,0,1
BRDA:68,16,0,0
BRDA:71,17,0,0
BRDA:77,18,0,19
BRDA:53,19,0,1
BRDA:55,20,0,0
BRDA:82,21,0,20
BRDA:84,22,0,18
BRDA:84,23,0,2
BRDA:87,24,0,8
BRDA:88,25,0,12
BRDA:96,26,0,1
BRDA:108,27,0,0
BRDA:120,28,0,19
BRDA:142,29,0,0
BRDA:84,30,0,1
BRDA:88,31,0,3
BRDA:97,32,0,1
BRDA:98,33,0,1
BRDA:102,34,0,0
BRDA:121,35,0,19
BRDA:123,36,0,14
BRDA:127,37,0,0
BRDA:131,38,0,5
BRDA:135,39,0,3
BRDA:231,40,0,1
BRDA:232,41,0,1
BRDA:235,42,0,2
BRDA:237,43,0,2
BRF:44
BRH:32
end_of_record
