TN:
SF:Promise\myPromise.js
FN:2,Promise
FN:11,resolve
FN:22,reject
FN:40,resolvePromise
FN:53,then.call.thenCalledOrThrow
FN:82,Object.<anonymous>.Promise.then
FN:84,onFulfilled
FN:88,onRejected
FN:123,onResolved
FN:131,onRejected
FN:148,Object.<anonymous>.Promise.catch
FN:152,Object.<anonymous>.Promise.finally
FN:162,Object.<anonymous>.Promise.all
FN:181,Object.<anonymous>.Promise.allSettled
FN:202,Object.<anonymous>.Promise.any
FN:220,Object.<anonymous>.Promise.race
FN:231,Object.<anonymous>.Promise.reject
FN:235,Object.<anonymous>.Promise.resolve
FN:242,Object.<anonymous>.Promise.deferred.Promise.defer
FNF:19
FNH:13
FNDA:57,Promise
FNDA:44,resolve
FNDA:12,reject
FNDA:46,resolvePromise
FNDA:3,then.call.thenCalledOrThrow
FNDA:42,Object.<anonymous>.Promise.then
FNDA:1,onFulfilled
FNDA:5,onRejected
FNDA:27,onResolved
FNDA:12,onRejected
FNDA:1,Object.<anonymous>.Promise.catch
FNDA:0,Object.<anonymous>.Promise.finally
FNDA:0,Object.<anonymous>.Promise.all
FNDA:0,Object.<anonymous>.Promise.allSettled
FNDA:0,Object.<anonymous>.Promise.any
FNDA:0,Object.<anonymous>.Promise.race
FNDA:2,Object.<anonymous>.Promise.reject
FNDA:7,Object.<anonymous>.Promise.resolve
FNDA:0,Object.<anonymous>.Promise.deferred.Promise.defer
DA:1,1
DA:2,1
DA:3,57
DA:4,0
DA:5,0
DA:6,57
DA:7,57
DA:8,57
DA:9,57
DA:10,57
DA:11,57
DA:12,44
DA:13,43
DA:14,43
DA:15,43
DA:16,43
DA:17,43
DA:18,43
DA:19,44
DA:20,44
DA:21,57
DA:22,57
DA:23,12
DA:24,12
DA:25,12
DA:26,12
DA:27,12
DA:28,12
DA:29,12
DA:30,12
DA:31,12
DA:32,57
DA:33,57
DA:34,57
DA:35,57
DA:36,0
DA:37,0
DA:38,57
DA:39,1
DA:40,1
DA:41,46
DA:42,46
DA:43,46
DA:44,46
DA:45,46
DA:46,44
DA:47,46
DA:48,4
DA:49,4
DA:50,4
DA:51,4
DA:52,4
DA:53,4
DA:54,3
DA:55,3
DA:56,3
DA:57,3
DA:58,3
DA:59,4
DA:60,4
DA:61,1
DA:62,1
DA:63,1
DA:64,1
DA:65,1
DA:66,1
DA:67,4
DA:68,4
DA:69,0
DA:70,0
DA:71,4
DA:72,0
DA:73,0
DA:74,0
DA:75,0
DA:76,0
DA:77,46
DA:78,40
DA:79,40
DA:80,46
DA:81,1
DA:82,1
DA:83,42
DA:84,42
DA:85,42
DA:86,42
DA:87,22
DA:88,20
DA:89,5
DA:90,42
DA:91,42
DA:92,42
DA:93,42
DA:94,42
DA:95,42
DA:96,42
DA:97,3
DA:98,3
DA:99,2
DA:100,2
DA:101,2
DA:102,2
DA:103,0
DA:104,0
DA:105,3
DA:106,3
DA:107,3
DA:108,42
DA:109,0
DA:110,0
DA:111,0
DA:112,0
DA:113,0
DA:114,0
DA:115,0
DA:116,0
DA:117,0
DA:118,0
DA:119,0
DA:120,42
DA:121,39
DA:122,39
DA:123,39
DA:124,27
DA:125,27
DA:126,27
DA:127,27
DA:128,0
DA:129,0
DA:130,39
DA:131,39
DA:132,12
DA:133,12
DA:134,12
DA:135,12
DA:136,5
DA:137,5
DA:138,12
DA:139,39
DA:140,39
DA:141,39
DA:142,42
DA:143,0
DA:144,0
DA:145,42
DA:146,1
DA:147,1
DA:148,1
DA:149,1
DA:150,1
DA:151,1
DA:152,1
DA:153,0
DA:154,0
DA:155,0
DA:156,0
DA:157,0
DA:158,0
DA:159,0
DA:160,1
DA:161,1
DA:162,1
DA:163,0
DA:164,0
DA:165,0
DA:166,0
DA:167,0
DA:168,0
DA:169,0
DA:170,0
DA:171,0
DA:172,0
DA:173,0
DA:174,0
DA:175,0
DA:176,0
DA:177,0
DA:178,0
DA:179,1
DA:180,1
DA:181,1
DA:182,0
DA:183,0
DA:184,0
DA:185,0
DA:186,0
DA:187,0
DA:188,0
DA:189,0
DA:190,0
DA:191,0
DA:192,0
DA:193,0
DA:194,0
DA:195,0
DA:196,0
DA:197,0
DA:198,0
DA:199,0
DA:200,1
DA:201,1
DA:202,1
DA:203,0
DA:204,0
DA:205,0
DA:206,0
DA:207,0
DA:208,0
DA:209,0
DA:210,0
DA:211,0
DA:212,0
DA:213,0
DA:214,0
DA:215,0
DA:216,0
DA:217,0
DA:218,1
DA:219,1
DA:220,1
DA:221,0
DA:222,0
DA:223,0
DA:224,0
DA:225,0
DA:226,0
DA:227,0
DA:228,0
DA:229,1
DA:230,1
DA:231,1
DA:232,2
DA:233,1
DA:234,1
DA:235,1
DA:236,7
DA:237,7
DA:238,7
DA:239,7
DA:240,1
DA:241,1
DA:242,1
DA:243,0
DA:244,0
DA:245,0
DA:246,0
DA:247,0
DA:248,0
DA:249,0
DA:250,1
DA:251,1
DA:252,1
DA:253,1
DA:254,1
DA:255,1
LF:255
LH:156
BRDA:1,0,0,1
BRDA:2,1,0,57
BRDA:3,2,0,0
BRDA:35,3,0,0
BRDA:11,4,0,44
BRDA:12,5,0,43
BRDA:13,6,0,0
BRDA:18,7,0,27
BRDA:22,8,0,12
BRDA:23,9,0,12
BRDA:24,10,0,0
BRDA:29,11,0,12
BRDA:40,12,0,46
BRDA:45,13,0,2
BRDA:45,14,0,44
BRDA:47,15,0,40
BRDA:47,16,0,4
BRDA:68,17,0,0
BRDA:71,18,0,0
BRDA:77,19,0,40
BRDA:53,20,0,3
BRDA:55,21,0,0
BRDA:60,22,0,1
BRDA:62,23,0,0
BRDA:82,24,0,42
BRDA:84,25,0,39
BRDA:84,26,0,3
BRDA:87,27,0,22
BRDA:88,28,0,20
BRDA:96,29,0,3
BRDA:108,30,0,0
BRDA:120,31,0,39
BRDA:142,32,0,0
BRDA:84,33,0,1
BRDA:88,34,0,5
BRDA:97,35,0,3
BRDA:98,36,0,2
BRDA:102,37,0,0
BRDA:121,38,0,39
BRDA:123,39,0,27
BRDA:127,40,0,0
BRDA:131,41,0,12
BRDA:135,42,0,5
BRDA:148,43,0,1
BRDA:231,44,0,2
BRDA:232,45,0,2
BRDA:235,46,0,7
BRDA:237,47,0,7
BRF:48
BRH:36
end_of_record
